[2025-12-26 15:30:16,154] 22 root -INFO starting data ingestion
[2025-12-26 15:30:16,201] 27 root -INFO raw data reading is complete
[2025-12-26 15:30:16,444] 34 root -INFO train and test split is done
[2025-12-26 15:30:16,664] 39 root -INFO data ingestion is complete
[2025-12-26 15:30:16,787] 81 root -INFO Read train and test data completed
[2025-12-26 15:30:16,792] 82 root -INFO Train DataFrame Head : 
   carat cut color clarity  depth  table  price     x     y     z
0   1.02   5     4       4   62.4   57.0   5346  6.47  6.36  4.00
1   1.05   2     3       6   61.3   59.0   8537  6.48  6.56  4.00
2   0.91   4     4       3   62.6   58.0   3975  6.17  6.14  3.85
3   0.32   5     1       6   60.9   57.0   1008  4.39  4.45  2.70
4   1.52   4     4       4   61.9   56.0  13282  7.39  7.28  4.54
[2025-12-26 15:30:16,813] 83 root -INFO Test DataFrame Head : 
   carat cut color clarity  depth  table  price     x     y     z
0   0.71   1     7       4   64.9   54.0   1435  5.63  5.53  3.62
1   0.90   2     2       2   61.0   59.0   3584  6.14  6.18  3.76
2   0.57   5     4       5   62.1   56.0   1851  5.30  5.33  3.30
3   0.51   4     2       4   62.5   60.0   1590  5.08  5.10  3.18
4   1.19   5     6       3   62.3   55.0   5690  6.80  6.82  4.24
[2025-12-26 15:30:16,813] 86 root -INFO Obtaining preprocessing object
[2025-12-26 15:30:16,813] 27 root -INFO DAta Transformation initiated
[2025-12-26 15:30:16,813] 38 root -INFO Pipeline initiated
[2025-12-26 15:30:16,813] 66 root -INFO Pipleline completed
[2025-12-26 15:30:16,949] 104 root -INFO Applying preprocessing object on training and testing datasets.
[2025-12-26 15:30:16,953] 21 root -INFO Model saved successfully
[2025-12-26 15:30:16,954] 116 root -INFO Preprocessor pickle file saved
[2025-12-26 15:30:16,959] 32 root -INFO Splitting Dependent and Independent varibales from train and test data
[2025-12-26 15:30:17,186] 60 root -INFO linearRegression --> Train R2: 0.9066443127543073, Test R2: 0.906984491230135
[2025-12-26 15:30:17,427] 60 root -INFO Lasso --> Train R2: 0.9066335734976636, Test R2: 0.9070138781207774
[2025-12-26 15:30:17,453] 60 root -INFO Ridge --> Train R2: 0.9066442771206391, Test R2: 0.90698689153957
[2025-12-26 15:30:17,505] 60 root -INFO ElasticNet --> Train R2: 0.8359826420738109, Test R2: 0.8318121948345153
[2025-12-26 15:30:17,505] 60 root -INFO Model Report : {'linearRegression': 0.906984491230135, 'Lasso': 0.9070138781207774, 'Ridge': 0.90698689153957, 'ElasticNet': 0.8318121948345153}
[2025-12-26 15:30:17,506] 78 root -INFO Best Model Found , Model Name : Lasso , R2 Score : 0.9070138781207774
[2025-12-26 15:30:17,507] 21 root -INFO Model saved successfully
