[2026-01-03 20:30:53,396] 161 numexpr.utils -INFO NumExpr defaulting to 16 threads.
[2026-01-03 20:30:55,189] 97 werkzeug -WARNING  * Debugger is active!
[2026-01-03 20:30:55,195] 97 werkzeug -INFO  * Debugger PIN: 935-294-776
[2026-01-03 20:30:55,230] 97 werkzeug -INFO  * Detected change in 'C:\\All Projects\\MLBOOTCAMP_Project\\venv\\Lib\\site-packages\\sklearn\\semi_supervised\\__init__.py', reloading
[2026-01-03 20:30:55,247] 97 werkzeug -INFO  * Detected change in 'C:\\All Projects\\MLBOOTCAMP_Project\\env\\Lib\\site-packages\\pythonwin\\pywin\\scintilla\\view.py', reloading
[2026-01-03 20:30:55,269] 97 werkzeug -INFO  * Detected change in 'C:\\All Projects\\MLBOOTCAMP_Project\\venv\\Lib\\site-packages\\scipy\\stats\\_discrete_distns.py', reloading
[2026-01-03 20:30:55,270] 97 werkzeug -INFO  * Detected change in 'C:\\All Projects\\MLBOOTCAMP_Project\\venv\\Lib\\site-packages\\scipy\\interpolate\\rbf.py', reloading
[2026-01-03 20:30:55,272] 97 werkzeug -INFO  * Detected change in 'C:\\All Projects\\MLBOOTCAMP_Project\\env\\Lib\\site-packages\\pip\\_vendor\\tomli_w\\__init__.py', reloading
[2026-01-03 20:30:55,287] 97 werkzeug -INFO  * Detected change in 'C:\\All Projects\\MLBOOTCAMP_Project\\env\\Lib\\site-packages\\pip\\_internal\\cli\\progress_bars.py', reloading
[2026-01-03 20:30:55,301] 97 werkzeug -INFO  * Detected change in 'C:\\All Projects\\MLBOOTCAMP_Project\\env\\Lib\\site-packages\\prompt_toolkit\\validation.py', reloading
[2026-01-03 20:30:55,314] 97 werkzeug -INFO  * Detected change in 'C:\\All Projects\\MLBOOTCAMP_Project\\env\\Lib\\site-packages\\sklearn\\tests\\test_min_dependencies_readme.py', reloading
[2026-01-03 20:30:55,326] 97 werkzeug -INFO  * Detected change in 'C:\\All Projects\\MLBOOTCAMP_Project\\env\\Lib\\site-packages\\sklearn\\impute\\_knn.py', reloading
[2026-01-03 20:30:55,330] 97 werkzeug -INFO  * Detected change in 'C:\\All Projects\\MLBOOTCAMP_Project\\env\\Lib\\site-packages\\zmq\\devices\\proxydevice.py', reloading
[2026-01-03 20:30:55,336] 97 werkzeug -INFO  * Detected change in 'C:\\All Projects\\MLBOOTCAMP_Project\\env\\Lib\\site-packages\\pandas\\tests\\arrays\\sparse\\test_dtype.py', reloading
[2026-01-03 20:30:55,338] 97 werkzeug -INFO  * Detected change in 'C:\\All Projects\\MLBOOTCAMP_Project\\env\\Lib\\site-packages\\pandas\\tests\\arrays\\categorical\\test_warnings.py', reloading
[2026-01-03 20:30:55,377] 97 werkzeug -INFO  * Detected change in 'C:\\All Projects\\MLBOOTCAMP_Project\\env\\Lib\\site-packages\\pygments\\lexers\\pddl.py', reloading
[2026-01-03 20:30:55,382] 97 werkzeug -INFO  * Detected change in 'C:\\All Projects\\MLBOOTCAMP_Project\\env\\Lib\\site-packages\\pip\\_internal\\cli\\main_parser.py', reloading
[2026-01-03 20:30:55,386] 97 werkzeug -INFO  * Detected change in 'C:\\All Projects\\MLBOOTCAMP_Project\\venv\\Lib\\site-packages\\pandas\\tests\\scalar\\timedelta\\methods\\test_as_unit.py', reloading
[2026-01-03 20:30:55,391] 97 werkzeug -INFO  * Detected change in 'C:\\All Projects\\MLBOOTCAMP_Project\\venv\\Lib\\site-packages\\debugpy\\_vendored\\pydevd\\pydev_ipython\\inputhookqt4.py', reloading
[2026-01-03 20:30:55,433] 97 werkzeug -INFO  * Detected change in 'C:\\All Projects\\MLBOOTCAMP_Project\\env\\Lib\\site-packages\\numpy\\_core\\_asarray.py', reloading
[2026-01-03 20:30:55,436] 97 werkzeug -INFO  * Detected change in 'C:\\All Projects\\MLBOOTCAMP_Project\\env\\Lib\\site-packages\\win32comext\\propsys\\__init__.py', reloading
[2026-01-03 20:30:55,440] 97 werkzeug -INFO  * Detected change in 'C:\\All Projects\\MLBOOTCAMP_Project\\venv\\Lib\\site-packages\\pandas\\core\\util\\numba_.py', reloading
[2026-01-03 20:30:55,474] 97 werkzeug -INFO  * Detected change in 'C:\\All Projects\\MLBOOTCAMP_Project\\venv\\Lib\\site-packages\\scipy\\optimize\\tests\\test_linear_assignment.py', reloading
[2026-01-03 20:30:55,513] 97 werkzeug -INFO  * Detected change in 'C:\\All Projects\\MLBOOTCAMP_Project\\env\\Lib\\site-packages\\scipy\\sparse\\linalg\\_eigen\\_svds.py', reloading
[2026-01-03 20:30:55,516] 97 werkzeug -INFO  * Detected change in 'C:\\All Projects\\MLBOOTCAMP_Project\\venv\\Lib\\site-packages\\numpy\\_configtool.py', reloading
[2026-01-03 20:30:55,518] 97 werkzeug -INFO  * Detected change in 'C:\\All Projects\\MLBOOTCAMP_Project\\venv\\Lib\\site-packages\\pandas\\tests\\indexes\\object\\test_indexing.py', reloading
[2026-01-03 20:30:55,522] 97 werkzeug -INFO  * Detected change in 'C:\\All Projects\\MLBOOTCAMP_Project\\venv\\Lib\\site-packages\\pandas\\tests\\indexes\\multi\\test_analytics.py', reloading
[2026-01-03 20:30:55,524] 97 werkzeug -INFO  * Detected change in 'C:\\All Projects\\MLBOOTCAMP_Project\\env\\Lib\\site-packages\\IPython\\utils\\contexts.py', reloading
[2026-01-03 20:30:55,563] 97 werkzeug -INFO  * Detected change in 'C:\\All Projects\\MLBOOTCAMP_Project\\env\\Lib\\site-packages\\sklearn\\decomposition\\tests\\test_pca.py', reloading
[2026-01-03 20:30:55,565] 97 werkzeug -INFO  * Detected change in 'C:\\All Projects\\MLBOOTCAMP_Project\\env\\Lib\\site-packages\\scipy\\interpolate\\tests\\test_pade.py', reloading
[2026-01-03 20:30:55,599] 97 werkzeug -INFO  * Detected change in 'C:\\All Projects\\MLBOOTCAMP_Project\\venv\\Lib\\site-packages\\pandas\\tests\\frame\\methods\\test_sort_index.py', reloading
[2026-01-03 20:30:55,620] 97 werkzeug -INFO  * Detected change in 'C:\\All Projects\\MLBOOTCAMP_Project\\venv\\Lib\\site-packages\\sklearn\\gaussian_process\\tests\\test_gpc.py', reloading
[2026-01-03 20:30:55,637] 97 werkzeug -INFO  * Detected change in 'C:\\All Projects\\MLBOOTCAMP_Project\\env\\Lib\\site-packages\\numpy\\_pyinstaller\\tests\\pyinstaller-smoke.py', reloading
[2026-01-03 20:30:55,675] 97 werkzeug -INFO  * Detected change in 'C:\\All Projects\\MLBOOTCAMP_Project\\venv\\Lib\\site-packages\\pip\\_internal\\utils\\temp_dir.py', reloading
[2026-01-03 20:30:55,710] 97 werkzeug -INFO  * Detected change in 'C:\\All Projects\\MLBOOTCAMP_Project\\env\\Lib\\site-packages\\pandas\\tests\\arrays\\boolean\\test_construction.py', reloading
[2026-01-03 20:30:55,744] 97 werkzeug -INFO  * Detected change in 'C:\\All Projects\\MLBOOTCAMP_Project\\venv\\Lib\\site-packages\\jedi\\inference\\compiled\\access.py', reloading
[2026-01-03 20:30:55,781] 97 werkzeug -INFO  * Detected change in 'C:\\All Projects\\MLBOOTCAMP_Project\\env\\Lib\\site-packages\\scipy\\linalg\\_decomp_lu.py', reloading
[2026-01-03 20:30:55,784] 97 werkzeug -INFO  * Detected change in 'C:\\All Projects\\MLBOOTCAMP_Project\\env\\Lib\\site-packages\\pip\\_internal\\commands\\help.py', reloading
[2026-01-03 20:30:55,788] 97 werkzeug -INFO  * Detected change in 'C:\\All Projects\\MLBOOTCAMP_Project\\venv\\Lib\\site-packages\\win32com\\util.py', reloading
[2026-01-03 20:30:55,830] 97 werkzeug -INFO  * Detected change in 'C:\\All Projects\\MLBOOTCAMP_Project\\env\\Lib\\site-packages\\scipy\\fft\\_pocketfft\\basic.py', reloading
[2026-01-03 20:30:55,834] 97 werkzeug -INFO  * Detected change in 'C:\\All Projects\\MLBOOTCAMP_Project\\venv\\Lib\\site-packages\\scipy\\_lib\\tests\\test_warnings.py', reloading
[2026-01-03 20:30:55,870] 97 werkzeug -INFO  * Detected change in 'C:\\All Projects\\MLBOOTCAMP_Project\\env\\Lib\\site-packages\\scipy\\differentiate\\tests\\test_differentiate.py', reloading
[2026-01-03 20:30:55,902] 97 werkzeug -INFO  * Detected change in 'C:\\All Projects\\MLBOOTCAMP_Project\\env\\Lib\\site-packages\\werkzeug\\datastructures\\__init__.py', reloading
[2026-01-03 20:30:55,940] 97 werkzeug -INFO  * Detected change in 'C:\\All Projects\\MLBOOTCAMP_Project\\env\\Lib\\site-packages\\debugpy\\_vendored\\pydevd\\_pydev_runfiles\\pydev_runfiles_coverage.py', reloading
[2026-01-03 20:30:55,976] 97 werkzeug -INFO  * Detected change in 'C:\\All Projects\\MLBOOTCAMP_Project\\venv\\Lib\\site-packages\\jedi\\api\\refactoring\\__init__.py', reloading
[2026-01-03 20:30:56,013] 97 werkzeug -INFO  * Detected change in 'C:\\All Projects\\MLBOOTCAMP_Project\\venv\\Lib\\site-packages\\pandas\\tests\\extension\\decimal\\test_decimal.py', reloading
[2026-01-03 20:30:56,042] 97 werkzeug -INFO  * Detected change in 'C:\\All Projects\\MLBOOTCAMP_Project\\env\\Lib\\site-packages\\scipy\\differentiate\\__init__.py', reloading
[2026-01-03 20:30:56,044] 97 werkzeug -INFO  * Detected change in 'C:\\All Projects\\MLBOOTCAMP_Project\\env\\Lib\\site-packages\\pandas\\tests\\arrays\\floating\\test_concat.py', reloading
[2026-01-03 20:30:56,095] 97 werkzeug -INFO  * Detected change in 'C:\\All Projects\\MLBOOTCAMP_Project\\venv\\Lib\\site-packages\\scipy\\linalg\\tests\\test_decomp_cossin.py', reloading
[2026-01-03 20:30:56,131] 97 werkzeug -INFO  * Detected change in 'C:\\All Projects\\MLBOOTCAMP_Project\\env\\Lib\\site-packages\\IPython\\core\\application.py', reloading
[2026-01-03 20:30:56,160] 97 werkzeug -INFO  * Detected change in 'C:\\All Projects\\MLBOOTCAMP_Project\\venv\\Lib\\site-packages\\scipy\\integrate\\_rules\\_gauss_legendre.py', reloading
