[2026-01-03 20:29:48,511] 161 numexpr.utils -INFO NumExpr defaulting to 16 threads.
[2026-01-03 20:29:50,563] 97 werkzeug -WARNING  * Debugger is active!
[2026-01-03 20:29:50,567] 97 werkzeug -INFO  * Debugger PIN: 935-294-776
[2026-01-03 20:29:50,620] 97 werkzeug -INFO  * Detected change in 'C:\\All Projects\\MLBOOTCAMP_Project\\venv\\Lib\\site-packages\\adodbapi\\apibase.py', reloading
[2026-01-03 20:29:50,647] 97 werkzeug -INFO  * Detected change in 'C:\\All Projects\\MLBOOTCAMP_Project\\env\\Lib\\site-packages\\scipy\\integrate\\_ivp\\__init__.py', reloading
[2026-01-03 20:29:50,674] 97 werkzeug -INFO  * Detected change in 'C:\\All Projects\\MLBOOTCAMP_Project\\env\\Lib\\site-packages\\scipy\\fftpack\\helper.py', reloading
[2026-01-03 20:29:50,712] 97 werkzeug -INFO  * Detected change in 'C:\\All Projects\\MLBOOTCAMP_Project\\venv\\Lib\\site-packages\\debugpy\\_vendored\\pydevd\\_pydevd_bundle\\_debug_adapter\\pydevd_schema_log.py', reloading
[2026-01-03 20:29:50,769] 97 werkzeug -INFO  * Detected change in 'C:\\All Projects\\MLBOOTCAMP_Project\\env\\Lib\\site-packages\\pandas\\tests\\groupby\\aggregate\\test_numba.py', reloading
[2026-01-03 20:29:50,809] 97 werkzeug -INFO  * Detected change in 'C:\\All Projects\\MLBOOTCAMP_Project\\venv\\Lib\\site-packages\\parso\\pgen2\\grammar_parser.py', reloading
[2026-01-03 20:29:50,842] 97 werkzeug -INFO  * Detected change in 'C:\\All Projects\\MLBOOTCAMP_Project\\env\\Lib\\site-packages\\scipy\\io\\tests\\test_wavfile.py', reloading
[2026-01-03 20:29:50,874] 97 werkzeug -INFO  * Detected change in 'C:\\All Projects\\MLBOOTCAMP_Project\\venv\\Lib\\site-packages\\scipy\\integrate\\odepack.py', reloading
[2026-01-03 20:29:50,913] 97 werkzeug -INFO  * Detected change in 'C:\\All Projects\\MLBOOTCAMP_Project\\venv\\Lib\\site-packages\\pip\\_internal\\network\\session.py', reloading
[2026-01-03 20:29:50,953] 97 werkzeug -INFO  * Detected change in 'C:\\All Projects\\MLBOOTCAMP_Project\\venv\\Lib\\site-packages\\sklearn\\tests\\test_config.py', reloading
[2026-01-03 20:29:51,000] 97 werkzeug -INFO  * Detected change in 'C:\\All Projects\\MLBOOTCAMP_Project\\venv\\Lib\\site-packages\\scipy\\sparse\\linalg\\_eigen\\lobpcg\\lobpcg.py', reloading
[2026-01-03 20:29:51,041] 97 werkzeug -INFO  * Detected change in 'C:\\All Projects\\MLBOOTCAMP_Project\\venv\\Lib\\site-packages\\pandas\\tests\\frame\\methods\\test_infer_objects.py', reloading
[2026-01-03 20:29:51,092] 97 werkzeug -INFO  * Detected change in 'C:\\All Projects\\MLBOOTCAMP_Project\\env\\Lib\\site-packages\\pip\\_internal\\locations\\base.py', reloading
[2026-01-03 20:29:51,092] 97 werkzeug -INFO  * Detected change in 'C:\\All Projects\\MLBOOTCAMP_Project\\env\\Lib\\site-packages\\sklearn\\externals\\array_api_compat\\torch\\_typing.py', reloading
[2026-01-03 20:29:51,110] 97 werkzeug -INFO  * Detected change in 'C:\\All Projects\\MLBOOTCAMP_Project\\env\\Lib\\site-packages\\pandas\\tests\\extension\\base\\accumulate.py', reloading
[2026-01-03 20:29:51,133] 97 werkzeug -INFO  * Detected change in 'C:\\All Projects\\MLBOOTCAMP_Project\\env\\Lib\\site-packages\\pandas\\testing.py', reloading
[2026-01-03 20:29:51,135] 97 werkzeug -INFO  * Detected change in 'C:\\All Projects\\MLBOOTCAMP_Project\\env\\Lib\\site-packages\\sklearn\\experimental\\enable_iterative_imputer.py', reloading
[2026-01-03 20:29:51,188] 97 werkzeug -INFO  * Detected change in 'C:\\All Projects\\MLBOOTCAMP_Project\\env\\Lib\\site-packages\\pygments\\lexers\\shell.py', reloading
[2026-01-03 20:29:51,192] 97 werkzeug -INFO  * Detected change in 'C:\\All Projects\\MLBOOTCAMP_Project\\env\\Lib\\site-packages\\numpy\\core\\multiarray.py', reloading
[2026-01-03 20:29:51,243] 97 werkzeug -INFO  * Detected change in 'C:\\All Projects\\MLBOOTCAMP_Project\\venv\\Lib\\site-packages\\sklearn\\feature_selection\\_univariate_selection.py', reloading
[2026-01-03 20:29:51,247] 97 werkzeug -INFO  * Detected change in 'C:\\All Projects\\MLBOOTCAMP_Project\\env\\Lib\\site-packages\\pygments\\lexers\\rego.py', reloading
[2026-01-03 20:29:51,251] 97 werkzeug -INFO  * Detected change in 'C:\\All Projects\\MLBOOTCAMP_Project\\venv\\Lib\\site-packages\\pandas\\core\\groupby\\base.py', reloading
[2026-01-03 20:29:51,287] 97 werkzeug -INFO  * Detected change in 'C:\\All Projects\\MLBOOTCAMP_Project\\env\\Lib\\site-packages\\stack_data\\utils.py', reloading
[2026-01-03 20:29:51,366] 97 werkzeug -INFO  * Detected change in 'C:\\All Projects\\MLBOOTCAMP_Project\\venv\\Lib\\site-packages\\win32\\lib\\winerror.py', reloading
[2026-01-03 20:29:51,384] 97 werkzeug -INFO  * Detected change in 'C:\\All Projects\\MLBOOTCAMP_Project\\env\\Lib\\site-packages\\pip\\_internal\\cli\\main.py', reloading
[2026-01-03 20:29:51,386] 97 werkzeug -INFO  * Detected change in 'C:\\All Projects\\MLBOOTCAMP_Project\\env\\Lib\\site-packages\\parso\\utils.py', reloading
[2026-01-03 20:29:51,406] 97 werkzeug -INFO  * Detected change in 'C:\\All Projects\\MLBOOTCAMP_Project\\env\\Lib\\site-packages\\werkzeug\\datastructures\\range.py', reloading
[2026-01-03 20:29:51,427] 97 werkzeug -INFO  * Detected change in 'C:\\All Projects\\MLBOOTCAMP_Project\\env\\Lib\\site-packages\\IPython\\terminal\\pt_inputhooks\\glut.py', reloading
[2026-01-03 20:29:51,487] 97 werkzeug -INFO  * Detected change in 'C:\\All Projects\\MLBOOTCAMP_Project\\venv\\Lib\\site-packages\\numpy\\_core\\tests\\test_numeric.py', reloading
[2026-01-03 20:29:51,543] 97 werkzeug -INFO  * Detected change in 'C:\\All Projects\\MLBOOTCAMP_Project\\venv\\Lib\\site-packages\\pandas\\io\\sql.py', reloading
[2026-01-03 20:29:51,584] 97 werkzeug -INFO  * Detected change in 'C:\\All Projects\\MLBOOTCAMP_Project\\venv\\Lib\\site-packages\\pip\\_vendor\\cachecontrol\\adapter.py', reloading
