[2026-01-03 21:01:59,191] 22 root -INFO starting data ingestion
[2026-01-03 21:01:59,239] 27 root -INFO raw data reading is complete
[2026-01-03 21:01:59,478] 34 root -INFO train and test split is done
[2026-01-03 21:01:59,703] 39 root -INFO data ingestion is complete
[2026-01-03 21:01:59,797] 70 root -INFO Read train and test data completed
[2026-01-03 21:01:59,817] 71 root -INFO Train DataFrame Head : 
   carat  cut  color  clarity  depth  table  price     x     y     z
0   1.02  5.0    4.0      4.0   62.4   57.0   5346  6.47  6.36  4.00
1   1.05  2.0    3.0      6.0   61.3   59.0   8537  6.48  6.56  4.00
2   0.91  4.0    4.0      3.0   62.6   58.0   3975  6.17  6.14  3.85
3   0.32  5.0    1.0      6.0   60.9   57.0   1008  4.39  4.45  2.70
4   1.52  4.0    4.0      4.0   61.9   56.0  13282  7.39  7.28  4.54
[2026-01-03 21:01:59,820] 72 root -INFO Test DataFrame Head : 
   carat  cut  color  clarity  depth  table  price     x     y     z
0   0.71  1.0    7.0      4.0   64.9   54.0   1435  5.63  5.53  3.62
1   0.90  2.0    2.0      2.0   61.0   59.0   3584  6.14  6.18  3.76
2   0.57  5.0    4.0      5.0   62.1   56.0   1851  5.30  5.33  3.30
3   0.51  4.0    2.0      4.0   62.5   60.0   1590  5.08  5.10  3.18
4   1.19  5.0    6.0      3.0   62.3   55.0   5690  6.80  6.82  4.24
[2026-01-03 21:01:59,820] 74 root -INFO Obtaining preprocessing object
[2026-01-03 21:01:59,820] 26 root -INFO Data Transformation initiated
[2026-01-03 21:01:59,820] 34 root -INFO Pipeline initiated
[2026-01-03 21:01:59,820] 55 root -INFO Pipeline completed
[2026-01-03 21:01:59,862] 90 root -INFO Applying preprocessing object on training and testing datasets.
[2026-01-03 21:01:59,865] 21 root -INFO Model saved successfully
[2026-01-03 21:01:59,865] 104 root -INFO Preprocessor pickle file saved
[2026-01-03 21:01:59,866] 32 root -INFO Splitting Dependent and Independent varibales from train and test data
[2026-01-03 21:01:59,876] 68 root -INFO linearRegression --> Train R2: 0.9066443127543073, Test R2: 0.9069844912301351
[2026-01-03 21:02:00,276] 68 root -INFO Lasso --> Train R2: 0.9066335734976636, Test R2: 0.9070138781207774
[2026-01-03 21:02:00,281] 68 root -INFO Ridge --> Train R2: 0.9066442771206391, Test R2: 0.9069868915395715
[2026-01-03 21:02:00,345] 68 root -INFO ElasticNet --> Train R2: 0.8359826420738108, Test R2: 0.8318121948345152
[2026-01-03 21:02:00,361] 60 root -INFO Model Report : {'linearRegression': {'Train R2': 0.9066443127543073, 'Test R2': 0.9069844912301351, 'Test MAE': 795.111055035202, 'Test RMSE': np.float64(1195.6784988767272)}, 'Lasso': {'Train R2': 0.9066335734976636, 'Test R2': 0.9070138781207774, 'Test MAE': 796.0829436201228, 'Test RMSE': np.float64(1195.4896053821371)}, 'Ridge': {'Train R2': 0.9066442771206391, 'Test R2': 0.9069868915395715, 'Test MAE': 795.2026600231776, 'Test RMSE': np.float64(1195.6630712510691)}, 'ElasticNet': {'Train R2': 0.8359826420738108, 'Test R2': 0.8318121948345152, 'Test MAE': 1069.159580975421, 'Test RMSE': np.float64(1607.8072707842264)}}
[2026-01-03 21:02:00,361] 78 root -INFO Best Model Found , Model Name : Lasso , R2 Score : 0.9070138781207774
[2026-01-03 21:02:00,363] 21 root -INFO Model saved successfully
