[2026-01-03 20:29:14,691] 161 numexpr.utils -INFO NumExpr defaulting to 16 threads.
[2026-01-03 20:29:16,303] 97 werkzeug -WARNING  * Debugger is active!
[2026-01-03 20:29:16,310] 97 werkzeug -INFO  * Debugger PIN: 935-294-776
[2026-01-03 20:29:16,408] 97 werkzeug -INFO  * Detected change in 'C:\\All Projects\\MLBOOTCAMP_Project\\venv\\Lib\\site-packages\\scipy\\sparse\\tests\\test_base.py', reloading
[2026-01-03 20:29:16,452] 97 werkzeug -INFO  * Detected change in 'C:\\All Projects\\MLBOOTCAMP_Project\\env\\Lib\\site-packages\\prompt_toolkit\\key_binding\\bindings\\emacs.py', reloading
[2026-01-03 20:29:16,498] 97 werkzeug -INFO  * Detected change in 'C:\\All Projects\\MLBOOTCAMP_Project\\env\\Lib\\site-packages\\scipy\\optimize\\_nonlin.py', reloading
[2026-01-03 20:29:16,535] 97 werkzeug -INFO  * Detected change in 'C:\\All Projects\\MLBOOTCAMP_Project\\env\\Lib\\site-packages\\pandas\\tests\\extension\\base\\methods.py', reloading
[2026-01-03 20:29:16,538] 97 werkzeug -INFO  * Detected change in 'C:\\All Projects\\MLBOOTCAMP_Project\\env\\Lib\\site-packages\\pip\\_internal\\network\\cache.py', reloading
[2026-01-03 20:29:16,564] 97 werkzeug -INFO  * Detected change in 'C:\\All Projects\\MLBOOTCAMP_Project\\venv\\Lib\\site-packages\\pandas\\io\\formats\\console.py', reloading
[2026-01-03 20:29:16,592] 97 werkzeug -INFO  * Detected change in 'C:\\All Projects\\MLBOOTCAMP_Project\\env\\Lib\\site-packages\\pandas\\tests\\tseries\\offsets\\test_custom_business_day.py', reloading
[2026-01-03 20:29:16,593] 97 werkzeug -INFO  * Detected change in 'C:\\All Projects\\MLBOOTCAMP_Project\\env\\Lib\\site-packages\\pip\\_vendor\\rich\\region.py', reloading
[2026-01-03 20:29:16,622] 97 werkzeug -INFO  * Detected change in 'C:\\All Projects\\MLBOOTCAMP_Project\\venv\\Lib\\site-packages\\werkzeug\\_internal.py', reloading
[2026-01-03 20:29:16,625] 97 werkzeug -INFO  * Detected change in 'C:\\All Projects\\MLBOOTCAMP_Project\\env\\Lib\\site-packages\\pandas\\tests\\tseries\\offsets\\test_business_day.py', reloading
[2026-01-03 20:29:16,656] 97 werkzeug -INFO  * Detected change in 'C:\\All Projects\\MLBOOTCAMP_Project\\venv\\Lib\\site-packages\\pandas\\tests\\indexes\\numeric\\test_numeric.py', reloading
[2026-01-03 20:29:16,659] 97 werkzeug -INFO  * Detected change in 'C:\\All Projects\\MLBOOTCAMP_Project\\env\\Lib\\site-packages\\scipy\\optimize\\optimize.py', reloading
[2026-01-03 20:29:16,690] 97 werkzeug -INFO  * Detected change in 'C:\\All Projects\\MLBOOTCAMP_Project\\env\\Lib\\site-packages\\scipy\\_lib\\array_api_compat\\cupy\\_info.py', reloading
[2026-01-03 20:29:16,691] 97 werkzeug -INFO  * Detected change in 'C:\\All Projects\\MLBOOTCAMP_Project\\env\\Lib\\site-packages\\pip\\_vendor\\requests\\packages.py', reloading
[2026-01-03 20:29:16,693] 97 werkzeug -INFO  * Detected change in 'C:\\All Projects\\MLBOOTCAMP_Project\\env\\Lib\\site-packages\\pandas\\tests\\arrays\\datetimes\\test_cumulative.py', reloading
[2026-01-03 20:29:16,724] 97 werkzeug -INFO  * Detected change in 'C:\\All Projects\\MLBOOTCAMP_Project\\venv\\Lib\\site-packages\\pandas\\tests\\indexing\\multiindex\\test_multiindex.py', reloading
[2026-01-03 20:29:16,751] 97 werkzeug -INFO  * Detected change in 'C:\\All Projects\\MLBOOTCAMP_Project\\venv\\Lib\\site-packages\\pandas\\tests\\extension\\base\\__init__.py', reloading
[2026-01-03 20:29:16,753] 97 werkzeug -INFO  * Detected change in 'C:\\All Projects\\MLBOOTCAMP_Project\\env\\Lib\\site-packages\\sklearn\\utils\\_show_versions.py', reloading
[2026-01-03 20:29:16,777] 97 werkzeug -INFO  * Detected change in 'C:\\All Projects\\MLBOOTCAMP_Project\\env\\Lib\\site-packages\\debugpy\\_vendored\\pydevd\\pydev_ipython\\inputhookglut.py', reloading
[2026-01-03 20:29:16,806] 97 werkzeug -INFO  * Detected change in 'C:\\All Projects\\MLBOOTCAMP_Project\\env\\Lib\\site-packages\\pandas\\core\\window\\doc.py', reloading
[2026-01-03 20:29:16,808] 97 werkzeug -INFO  * Detected change in 'C:\\All Projects\\MLBOOTCAMP_Project\\env\\Lib\\site-packages\\sklearn\\utils\\_test_common\\__init__.py', reloading
[2026-01-03 20:29:16,839] 97 werkzeug -INFO  * Detected change in 'C:\\All Projects\\MLBOOTCAMP_Project\\venv\\Lib\\site-packages\\pygments\\lexers\\tcl.py', reloading
[2026-01-03 20:29:16,877] 97 werkzeug -INFO  * Detected change in 'C:\\All Projects\\MLBOOTCAMP_Project\\venv\\Lib\\site-packages\\prompt_toolkit\\contrib\\regular_languages\\compiler.py', reloading
[2026-01-03 20:29:16,912] 97 werkzeug -INFO  * Detected change in 'C:\\All Projects\\MLBOOTCAMP_Project\\venv\\Lib\\site-packages\\debugpy\\public_api.py', reloading
[2026-01-03 20:29:16,914] 97 werkzeug -INFO  * Detected change in 'C:\\All Projects\\MLBOOTCAMP_Project\\env\\Lib\\site-packages\\scipy\\optimize\\_trustregion_ncg.py', reloading
[2026-01-03 20:29:16,927] 97 werkzeug -INFO  * Detected change in 'C:\\All Projects\\MLBOOTCAMP_Project\\env\\Lib\\site-packages\\pandas\\core\\dtypes\\base.py', reloading
[2026-01-03 20:29:16,941] 97 werkzeug -INFO  * Detected change in 'C:\\All Projects\\MLBOOTCAMP_Project\\env\\Lib\\site-packages\\pygments\\lexers\\modula2.py', reloading
[2026-01-03 20:29:16,956] 97 werkzeug -INFO  * Detected change in 'C:\\All Projects\\MLBOOTCAMP_Project\\env\\Lib\\site-packages\\wcwidth\\wcwidth.py', reloading
[2026-01-03 20:29:16,968] 97 werkzeug -INFO  * Detected change in 'C:\\All Projects\\MLBOOTCAMP_Project\\venv\\Lib\\site-packages\\win32\\Demos\\win32clipboardDemo.py', reloading
[2026-01-03 20:29:16,984] 97 werkzeug -INFO  * Detected change in 'C:\\All Projects\\MLBOOTCAMP_Project\\venv\\Lib\\site-packages\\scipy\\_lib\\decorator.py', reloading
[2026-01-03 20:29:16,999] 97 werkzeug -INFO  * Detected change in 'C:\\All Projects\\MLBOOTCAMP_Project\\env\\Lib\\site-packages\\packaging\\_manylinux.py', reloading
[2026-01-03 20:29:17,013] 97 werkzeug -INFO  * Detected change in 'C:\\All Projects\\MLBOOTCAMP_Project\\env\\Lib\\site-packages\\pythonwin\\pywin\\Demos\\openGLDemo.py', reloading
[2026-01-03 20:29:17,028] 97 werkzeug -INFO  * Detected change in 'C:\\All Projects\\MLBOOTCAMP_Project\\env\\Lib\\site-packages\\jupyter_client\\connect.py', reloading
[2026-01-03 20:29:17,047] 97 werkzeug -INFO  * Detected change in 'C:\\All Projects\\MLBOOTCAMP_Project\\env\\Lib\\site-packages\\win32\\lib\\winxptheme.py', reloading
[2026-01-03 20:29:17,060] 97 werkzeug -INFO  * Detected change in 'C:\\All Projects\\MLBOOTCAMP_Project\\env\\Lib\\site-packages\\pandas\\tests\\test_sorting.py', reloading
[2026-01-03 20:29:17,072] 97 werkzeug -INFO  * Detected change in 'C:\\All Projects\\MLBOOTCAMP_Project\\env\\Lib\\site-packages\\prompt_toolkit\\key_binding\\key_bindings.py', reloading
[2026-01-03 20:29:17,087] 97 werkzeug -INFO  * Detected change in 'C:\\All Projects\\MLBOOTCAMP_Project\\env\\Lib\\site-packages\\scipy\\optimize\\tests\\test__basinhopping.py', reloading
[2026-01-03 20:29:17,099] 97 werkzeug -INFO  * Detected change in 'C:\\All Projects\\MLBOOTCAMP_Project\\env\\Lib\\site-packages\\pygments\\lexers\\rnc.py', reloading
[2026-01-03 20:29:17,114] 97 werkzeug -INFO  * Detected change in 'C:\\All Projects\\MLBOOTCAMP_Project\\env\\Lib\\site-packages\\pandas\\tests\\indexes\\multi\\test_integrity.py', reloading
[2026-01-03 20:29:17,134] 97 werkzeug -INFO  * Detected change in 'C:\\All Projects\\MLBOOTCAMP_Project\\venv\\Lib\\site-packages\\scipy\\_lib\\cobyqa\\framework.py', reloading
[2026-01-03 20:29:17,175] 97 werkzeug -INFO  * Detected change in 'C:\\All Projects\\MLBOOTCAMP_Project\\env\\Lib\\site-packages\\scipy\\_lib\\_elementwise_iterative_method.py', reloading
[2026-01-03 20:29:17,178] 97 werkzeug -INFO  * Detected change in 'C:\\All Projects\\MLBOOTCAMP_Project\\.venv\\Lib\\site-packages\\pip\\_internal\\distributions\\sdist.py', reloading
[2026-01-03 20:29:17,214] 97 werkzeug -INFO  * Detected change in 'C:\\All Projects\\MLBOOTCAMP_Project\\venv\\Lib\\site-packages\\numpy\\_core\\memmap.py', reloading
[2026-01-03 20:29:17,218] 97 werkzeug -INFO  * Detected change in 'C:\\All Projects\\MLBOOTCAMP_Project\\venv\\Lib\\site-packages\\sklearn\\externals\\array_api_compat\\__init__.py', reloading
[2026-01-03 20:29:17,238] 97 werkzeug -INFO  * Detected change in 'C:\\All Projects\\MLBOOTCAMP_Project\\.venv\\Lib\\site-packages\\pip\\_internal\\models\\selection_prefs.py', reloading
[2026-01-03 20:29:17,239] 97 werkzeug -INFO  * Detected change in 'C:\\All Projects\\MLBOOTCAMP_Project\\env\\Lib\\site-packages\\numpy\\typing\\tests\\test_runtime.py', reloading
[2026-01-03 20:29:17,249] 97 werkzeug -INFO  * Detected change in 'C:\\All Projects\\MLBOOTCAMP_Project\\venv\\Lib\\site-packages\\win32\\test\\test_win32print.py', reloading
[2026-01-03 20:29:17,261] 97 werkzeug -INFO  * Detected change in 'C:\\All Projects\\MLBOOTCAMP_Project\\env\\Lib\\site-packages\\pip\\_internal\\operations\\install\\editable_legacy.py', reloading
[2026-01-03 20:29:17,274] 97 werkzeug -INFO  * Detected change in 'C:\\All Projects\\MLBOOTCAMP_Project\\venv\\Lib\\site-packages\\prompt_toolkit\\contrib\\regular_languages\\lexer.py', reloading
[2026-01-03 20:29:17,292] 97 werkzeug -INFO  * Detected change in 'C:\\All Projects\\MLBOOTCAMP_Project\\env\\Lib\\site-packages\\sklearn\\tests\\test_docstring_parameters.py', reloading
[2026-01-03 20:29:17,313] 97 werkzeug -INFO  * Detected change in 'C:\\All Projects\\MLBOOTCAMP_Project\\venv\\Lib\\site-packages\\scipy\\stats\\tests\\test_continuous_fit_censored.py', reloading
[2026-01-03 20:29:17,335] 97 werkzeug -INFO  * Detected change in 'C:\\All Projects\\MLBOOTCAMP_Project\\env\\Lib\\site-packages\\pandas\\tests\\reshape\\test_cut.py', reloading
