[2025-12-26 15:16:02,420] 81 root -INFO Read train and test data completed
[2025-12-26 15:16:02,429] 82 root -INFO Train DataFrame Head : 
   carat cut color clarity  depth  table  price     x     y     z
0   1.02   5     4       4   62.4   57.0   5346  6.47  6.36  4.00
1   1.05   2     3       6   61.3   59.0   8537  6.48  6.56  4.00
2   0.91   4     4       3   62.6   58.0   3975  6.17  6.14  3.85
3   0.32   5     1       6   60.9   57.0   1008  4.39  4.45  2.70
4   1.52   4     4       4   61.9   56.0  13282  7.39  7.28  4.54
[2025-12-26 15:16:02,438] 83 root -INFO Test DataFrame Head : 
   carat cut color clarity  depth  table  price     x     y     z
0   0.71   1     7       4   64.9   54.0   1435  5.63  5.53  3.62
1   0.90   2     2       2   61.0   59.0   3584  6.14  6.18  3.76
2   0.57   5     4       5   62.1   56.0   1851  5.30  5.33  3.30
3   0.51   4     2       4   62.5   60.0   1590  5.08  5.10  3.18
4   1.19   5     6       3   62.3   55.0   5690  6.80  6.82  4.24
[2025-12-26 15:16:02,438] 86 root -INFO Obtaining preprocessing object
[2025-12-26 15:16:02,438] 27 root -INFO DAta Transformation initiated
[2025-12-26 15:16:02,438] 38 root -INFO Pipeline initiated
[2025-12-26 15:16:02,438] 66 root -INFO Pipleline completed
[2025-12-26 15:16:02,667] 104 root -INFO Applying preprocessing object on training and testing datasets.
[2025-12-26 15:16:02,673] 21 root -INFO Model saved successfully
[2025-12-26 15:16:02,674] 116 root -INFO Preprocessor pickle file saved
