[2026-01-03 20:31:23,939] 161 numexpr.utils -INFO NumExpr defaulting to 16 threads.
[2026-01-03 20:31:26,072] 97 werkzeug -WARNING  * Debugger is active!
[2026-01-03 20:31:26,076] 97 werkzeug -INFO  * Debugger PIN: 935-294-776
[2026-01-03 20:31:26,140] 97 werkzeug -INFO  * Detected change in 'C:\\All Projects\\MLBOOTCAMP_Project\\venv\\Lib\\site-packages\\pip\\_internal\\distributions\\sdist.py', reloading
[2026-01-03 20:31:26,141] 97 werkzeug -INFO  * Detected change in 'C:\\All Projects\\MLBOOTCAMP_Project\\env\\Lib\\site-packages\\IPython\\testing\\skipdoctest.py', reloading
[2026-01-03 20:31:26,173] 97 werkzeug -INFO  * Detected change in 'C:\\All Projects\\MLBOOTCAMP_Project\\venv\\Lib\\site-packages\\scipy\\stats\\_qmc.py', reloading
[2026-01-03 20:31:26,175] 97 werkzeug -INFO  * Detected change in 'C:\\All Projects\\MLBOOTCAMP_Project\\venv\\Lib\\site-packages\\scipy\\spatial\\_procrustes.py', reloading
[2026-01-03 20:31:26,212] 97 werkzeug -INFO  * Detected change in 'C:\\All Projects\\MLBOOTCAMP_Project\\venv\\Lib\\site-packages\\sklearn\\decomposition\\tests\\test_sparse_pca.py', reloading
[2026-01-03 20:31:26,268] 97 werkzeug -INFO  * Detected change in 'C:\\All Projects\\MLBOOTCAMP_Project\\venv\\Lib\\site-packages\\scipy\\_lib\\pyprima\\cobyla\\geometry.py', reloading
[2026-01-03 20:31:26,273] 97 werkzeug -INFO  * Detected change in 'C:\\All Projects\\MLBOOTCAMP_Project\\env\\Lib\\site-packages\\scipy\\cluster\\__init__.py', reloading
[2026-01-03 20:31:26,329] 97 werkzeug -INFO  * Detected change in 'C:\\All Projects\\MLBOOTCAMP_Project\\env\\Lib\\site-packages\\tornado\\test\\curl_httpclient_test.py', reloading
[2026-01-03 20:31:26,358] 97 werkzeug -INFO  * Detected change in 'C:\\All Projects\\MLBOOTCAMP_Project\\env\\Lib\\site-packages\\pygments\\lexers\\text.py', reloading
[2026-01-03 20:31:26,398] 97 werkzeug -INFO  * Detected change in 'C:\\All Projects\\MLBOOTCAMP_Project\\env\\Lib\\site-packages\\pandas\\tests\\arrays\\string_\\test_string.py', reloading
[2026-01-03 20:31:26,436] 97 werkzeug -INFO  * Detected change in 'C:\\All Projects\\MLBOOTCAMP_Project\\env\\Lib\\site-packages\\sklearn\\compose\\_column_transformer.py', reloading
[2026-01-03 20:31:26,468] 97 werkzeug -INFO  * Detected change in 'C:\\All Projects\\MLBOOTCAMP_Project\\venv\\Lib\\site-packages\\pandas\\tests\\frame\\methods\\test_diff.py', reloading
[2026-01-03 20:31:26,498] 97 werkzeug -INFO  * Detected change in 'C:\\All Projects\\MLBOOTCAMP_Project\\venv\\Lib\\site-packages\\sklearn\\svm\\tests\\test_bounds.py', reloading
[2026-01-03 20:31:26,532] 97 werkzeug -INFO  * Detected change in 'C:\\All Projects\\MLBOOTCAMP_Project\\venv\\Lib\\site-packages\\numpy\\_core\\tests\\test_memmap.py', reloading
[2026-01-03 20:31:26,567] 97 werkzeug -INFO  * Detected change in 'C:\\All Projects\\MLBOOTCAMP_Project\\env\\Lib\\site-packages\\pip\\_internal\\utils\\egg_link.py', reloading
[2026-01-03 20:31:26,646] 97 werkzeug -INFO  * Detected change in 'C:\\All Projects\\MLBOOTCAMP_Project\\env\\Lib\\site-packages\\prompt_toolkit\\widgets\\dialogs.py', reloading
[2026-01-03 20:31:26,649] 97 werkzeug -INFO  * Detected change in 'C:\\All Projects\\MLBOOTCAMP_Project\\venv\\Lib\\site-packages\\prompt_toolkit\\filters\\cli.py', reloading
[2026-01-03 20:31:26,685] 97 werkzeug -INFO  * Detected change in 'C:\\All Projects\\MLBOOTCAMP_Project\\venv\\Lib\\site-packages\\pythonwin\\pywin\\framework\\toolmenu.py', reloading
[2026-01-03 20:31:26,689] 97 werkzeug -INFO  * Detected change in 'C:\\All Projects\\MLBOOTCAMP_Project\\venv\\Lib\\site-packages\\pythonwin\\pywin\\Demos\\app\\dlgappdemo.py', reloading
[2026-01-03 20:31:26,693] 97 werkzeug -INFO  * Detected change in 'C:\\All Projects\\MLBOOTCAMP_Project\\env\\Lib\\site-packages\\prompt_toolkit\\input\\win32_pipe.py', reloading
[2026-01-03 20:31:26,734] 97 werkzeug -INFO  * Detected change in 'C:\\All Projects\\MLBOOTCAMP_Project\\venv\\Lib\\site-packages\\pip\\_internal\\network\\lazy_wheel.py', reloading
[2026-01-03 20:31:26,773] 97 werkzeug -INFO  * Detected change in 'C:\\All Projects\\MLBOOTCAMP_Project\\env\\Lib\\site-packages\\pandas\\tests\\resample\\test_resample_api.py', reloading
[2026-01-03 20:31:26,812] 97 werkzeug -INFO  * Detected change in 'C:\\All Projects\\MLBOOTCAMP_Project\\venv\\Lib\\site-packages\\scipy\\stats\\_axis_nan_policy.py', reloading
[2026-01-03 20:31:26,814] 97 werkzeug -INFO  * Detected change in 'C:\\All Projects\\MLBOOTCAMP_Project\\venv\\Lib\\site-packages\\win32com\\demos\\connect.py', reloading
[2026-01-03 20:31:26,820] 97 werkzeug -INFO  * Detected change in 'C:\\All Projects\\MLBOOTCAMP_Project\\venv\\Lib\\site-packages\\sklearn\\covariance\\tests\\test_elliptic_envelope.py', reloading
[2026-01-03 20:31:26,823] 97 werkzeug -INFO  * Detected change in 'C:\\All Projects\\MLBOOTCAMP_Project\\env\\Lib\\site-packages\\pygments\\styles\\xcode.py', reloading
[2026-01-03 20:31:26,857] 97 werkzeug -INFO  * Detected change in 'C:\\All Projects\\MLBOOTCAMP_Project\\env\\Lib\\site-packages\\pandas\\tests\\groupby\\test_groupby_dropna.py', reloading
[2026-01-03 20:31:26,893] 97 werkzeug -INFO  * Detected change in 'C:\\All Projects\\MLBOOTCAMP_Project\\venv\\Lib\\site-packages\\flask\\sansio\\blueprints.py', reloading
[2026-01-03 20:31:26,896] 97 werkzeug -INFO  * Detected change in 'C:\\All Projects\\MLBOOTCAMP_Project\\venv\\Lib\\site-packages\\pythonwin\\pywin\\Demos\\dibdemo.py', reloading
[2026-01-03 20:31:26,900] 97 werkzeug -INFO  * Detected change in 'C:\\All Projects\\MLBOOTCAMP_Project\\venv\\Lib\\site-packages\\win32\\Demos\\service\\serviceEvents.py', reloading
[2026-01-03 20:31:26,937] 97 werkzeug -INFO  * Detected change in 'C:\\All Projects\\MLBOOTCAMP_Project\\env\\Lib\\site-packages\\debugpy\\_vendored\\pydevd\\pydevd_attach_to_process\\winappdbg\\win32\\psapi.py', reloading
[2026-01-03 20:31:26,998] 97 werkzeug -INFO  * Detected change in 'C:\\All Projects\\MLBOOTCAMP_Project\\env\\Lib\\site-packages\\tornado\\httputil.py', reloading
[2026-01-03 20:31:27,032] 97 werkzeug -INFO  * Detected change in 'C:\\All Projects\\MLBOOTCAMP_Project\\venv\\Lib\\site-packages\\pip\\_vendor\\rich\\live_render.py', reloading
[2026-01-03 20:31:27,034] 97 werkzeug -INFO  * Detected change in 'C:\\All Projects\\MLBOOTCAMP_Project\\env\\Lib\\site-packages\\pip\\_internal\\commands\\check.py', reloading
[2026-01-03 20:31:27,064] 97 werkzeug -INFO  * Detected change in 'C:\\All Projects\\MLBOOTCAMP_Project\\env\\Lib\\site-packages\\pandas\\tests\\tseries\\offsets\\test_business_month.py', reloading
[2026-01-03 20:31:27,102] 97 werkzeug -INFO  * Detected change in 'C:\\All Projects\\MLBOOTCAMP_Project\\venv\\Lib\\site-packages\\pygments\\lexers\\floscript.py', reloading
[2026-01-03 20:31:27,106] 97 werkzeug -INFO  * Detected change in 'C:\\All Projects\\MLBOOTCAMP_Project\\venv\\Lib\\site-packages\\pygments\\lexers\\xorg.py', reloading
[2026-01-03 20:31:27,109] 97 werkzeug -INFO  * Detected change in 'C:\\All Projects\\MLBOOTCAMP_Project\\venv\\Lib\\site-packages\\numpy\\linalg\\tests\\test_deprecations.py', reloading
