[2026-01-03 20:31:10,356] 161 numexpr.utils -INFO NumExpr defaulting to 16 threads.
[2026-01-03 20:31:12,287] 97 werkzeug -WARNING  * Debugger is active!
[2026-01-03 20:31:12,293] 97 werkzeug -INFO  * Debugger PIN: 935-294-776
[2026-01-03 20:31:12,343] 97 werkzeug -INFO  * Detected change in 'C:\\All Projects\\MLBOOTCAMP_Project\\env\\Lib\\site-packages\\sklearn\\ensemble\\_iforest.py', reloading
[2026-01-03 20:31:12,384] 97 werkzeug -INFO  * Detected change in 'C:\\All Projects\\MLBOOTCAMP_Project\\env\\Lib\\site-packages\\scipy\\stats\\_axis_nan_policy.py', reloading
[2026-01-03 20:31:12,422] 97 werkzeug -INFO  * Detected change in 'C:\\All Projects\\MLBOOTCAMP_Project\\.venv\\Lib\\site-packages\\pip\\_vendor\\rich\\_spinners.py', reloading
[2026-01-03 20:31:12,426] 97 werkzeug -INFO  * Detected change in 'C:\\All Projects\\MLBOOTCAMP_Project\\venv\\Lib\\site-packages\\pip\\_vendor\\idna\\intranges.py', reloading
[2026-01-03 20:31:12,449] 97 werkzeug -INFO  * Detected change in 'C:\\All Projects\\MLBOOTCAMP_Project\\env\\Lib\\site-packages\\scipy\\io\\_harwell_boeing\\_fortran_format_parser.py', reloading
[2026-01-03 20:31:12,483] 97 werkzeug -INFO  * Detected change in 'C:\\All Projects\\MLBOOTCAMP_Project\\venv\\Lib\\site-packages\\pip\\_internal\\pyproject.py', reloading
[2026-01-03 20:31:12,521] 97 werkzeug -INFO  * Detected change in 'C:\\All Projects\\MLBOOTCAMP_Project\\venv\\Lib\\site-packages\\sklearn\\neighbors\\tests\\test_nca.py', reloading
[2026-01-03 20:31:12,545] 97 werkzeug -INFO  * Detected change in 'C:\\All Projects\\MLBOOTCAMP_Project\\venv\\Lib\\site-packages\\sklearn\\tests\\test_multioutput.py', reloading
[2026-01-03 20:31:12,596] 97 werkzeug -INFO  * Detected change in 'C:\\All Projects\\MLBOOTCAMP_Project\\venv\\Lib\\site-packages\\numpy\\_core\\tests\\test_ufunc.py', reloading
[2026-01-03 20:31:12,636] 97 werkzeug -INFO  * Detected change in 'C:\\All Projects\\MLBOOTCAMP_Project\\venv\\Lib\\site-packages\\pip\\_internal\\metadata\\base.py', reloading
[2026-01-03 20:31:12,679] 97 werkzeug -INFO  * Detected change in 'C:\\All Projects\\MLBOOTCAMP_Project\\venv\\Lib\\site-packages\\pygments\\lexers\\robotframework.py', reloading
[2026-01-03 20:31:12,708] 97 werkzeug -INFO  * Detected change in 'C:\\All Projects\\MLBOOTCAMP_Project\\venv\\Lib\\site-packages\\prompt_toolkit\\filters\\utils.py', reloading
[2026-01-03 20:31:12,742] 97 werkzeug -INFO  * Detected change in 'C:\\All Projects\\MLBOOTCAMP_Project\\venv\\Lib\\site-packages\\pygments\\lexers\\teraterm.py', reloading
[2026-01-03 20:31:12,744] 97 werkzeug -INFO  * Detected change in 'C:\\All Projects\\MLBOOTCAMP_Project\\venv\\Lib\\site-packages\\pytz\\exceptions.py', reloading
[2026-01-03 20:31:12,748] 97 werkzeug -INFO  * Detected change in 'C:\\All Projects\\MLBOOTCAMP_Project\\venv\\Lib\\site-packages\\win32com\\server\\exception.py', reloading
[2026-01-03 20:31:12,752] 97 werkzeug -INFO  * Detected change in 'C:\\All Projects\\MLBOOTCAMP_Project\\env\\Lib\\site-packages\\sklearn\\externals\\array_api_extra\\_lib\\_utils\\_compat.py', reloading
[2026-01-03 20:31:12,787] 97 werkzeug -INFO  * Detected change in 'C:\\All Projects\\MLBOOTCAMP_Project\\venv\\Lib\\site-packages\\debugpy\\_vendored\\pydevd\\_pydevd_bundle\\pydevd_breakpoints.py', reloading
[2026-01-03 20:31:12,825] 97 werkzeug -INFO  * Detected change in 'C:\\All Projects\\MLBOOTCAMP_Project\\venv\\Lib\\site-packages\\pandas\\core\\common.py', reloading
[2026-01-03 20:31:12,850] 97 werkzeug -INFO  * Detected change in 'C:\\All Projects\\MLBOOTCAMP_Project\\env\\Lib\\site-packages\\pandas\\io\\json\\_normalize.py', reloading
[2026-01-03 20:31:12,873] 97 werkzeug -INFO  * Detected change in 'C:\\All Projects\\MLBOOTCAMP_Project\\env\\Lib\\site-packages\\werkzeug\\middleware\\profiler.py', reloading
[2026-01-03 20:31:12,876] 97 werkzeug -INFO  * Detected change in 'C:\\All Projects\\MLBOOTCAMP_Project\\env\\Lib\\site-packages\\pygments\\lexers\\gsql.py', reloading
[2026-01-03 20:31:12,878] 97 werkzeug -INFO  * Detected change in 'C:\\All Projects\\MLBOOTCAMP_Project\\venv\\Lib\\site-packages\\pandas\\core\\groupby\\categorical.py', reloading
[2026-01-03 20:31:12,881] 97 werkzeug -INFO  * Detected change in 'C:\\All Projects\\MLBOOTCAMP_Project\\env\\Lib\\site-packages\\IPython\\utils\\openpy.py', reloading
[2026-01-03 20:31:12,910] 97 werkzeug -INFO  * Detected change in 'C:\\All Projects\\MLBOOTCAMP_Project\\.venv\\Lib\\site-packages\\pip\\_internal\\network\\auth.py', reloading
[2026-01-03 20:31:12,939] 97 werkzeug -INFO  * Detected change in 'C:\\All Projects\\MLBOOTCAMP_Project\\env\\Lib\\site-packages\\click\\utils.py', reloading
[2026-01-03 20:31:12,942] 97 werkzeug -INFO  * Detected change in 'C:\\All Projects\\MLBOOTCAMP_Project\\venv\\Lib\\site-packages\\win32comext\\shell\\test\\testShellItem.py', reloading
[2026-01-03 20:31:12,980] 97 werkzeug -INFO  * Detected change in 'C:\\All Projects\\MLBOOTCAMP_Project\\venv\\Lib\\site-packages\\pip\\_internal\\cli\\main.py', reloading
[2026-01-03 20:31:12,984] 97 werkzeug -INFO  * Detected change in 'C:\\All Projects\\MLBOOTCAMP_Project\\venv\\Lib\\site-packages\\scipy\\fftpack\\basic.py', reloading
[2026-01-03 20:31:12,988] 97 werkzeug -INFO  * Detected change in 'C:\\All Projects\\MLBOOTCAMP_Project\\env\\Lib\\site-packages\\scipy\\_lib\\pyprima\\common\\_project.py', reloading
[2026-01-03 20:31:12,989] 97 werkzeug -INFO  * Detected change in 'C:\\All Projects\\MLBOOTCAMP_Project\\venv\\Lib\\site-packages\\numpy\\lib\\scimath.py', reloading
[2026-01-03 20:31:13,013] 97 werkzeug -INFO  * Detected change in 'C:\\All Projects\\MLBOOTCAMP_Project\\env\\Lib\\site-packages\\pip\\_internal\\metadata\\base.py', reloading
[2026-01-03 20:31:13,015] 97 werkzeug -INFO  * Detected change in 'C:\\All Projects\\MLBOOTCAMP_Project\\venv\\Lib\\site-packages\\joblib\\test\\test_numpy_pickle_utils.py', reloading
[2026-01-03 20:31:13,042] 97 werkzeug -INFO  * Detected change in 'C:\\All Projects\\MLBOOTCAMP_Project\\venv\\Lib\\site-packages\\scipy\\stats\\tests\\test_sensitivity_analysis.py', reloading
[2026-01-03 20:31:13,085] 97 werkzeug -INFO  * Detected change in 'C:\\All Projects\\MLBOOTCAMP_Project\\venv\\Lib\\site-packages\\sklearn\\metrics\\_ranking.py', reloading
[2026-01-03 20:31:13,122] 97 werkzeug -INFO  * Detected change in 'C:\\All Projects\\MLBOOTCAMP_Project\\venv\\Lib\\site-packages\\pandas\\tests\\io\\parser\\test_unsupported.py', reloading
[2026-01-03 20:31:13,126] 97 werkzeug -INFO  * Detected change in 'C:\\All Projects\\MLBOOTCAMP_Project\\env\\Lib\\site-packages\\pip\\_vendor\\dependency_groups\\_pip_wrapper.py', reloading
[2026-01-03 20:31:13,128] 97 werkzeug -INFO  * Detected change in 'C:\\All Projects\\MLBOOTCAMP_Project\\venv\\Lib\\site-packages\\pygments\\styles\\zenburn.py', reloading
[2026-01-03 20:31:13,160] 97 werkzeug -INFO  * Detected change in 'C:\\All Projects\\MLBOOTCAMP_Project\\venv\\Lib\\site-packages\\sklearn\\feature_extraction\\_stop_words.py', reloading
[2026-01-03 20:31:13,162] 97 werkzeug -INFO  * Detected change in 'C:\\All Projects\\MLBOOTCAMP_Project\\.venv\\Lib\\site-packages\\pip\\_internal\\commands\\__init__.py', reloading
[2026-01-03 20:31:13,166] 97 werkzeug -INFO  * Detected change in 'C:\\All Projects\\MLBOOTCAMP_Project\\venv\\Lib\\site-packages\\win32\\test\\test_win32inet.py', reloading
[2026-01-03 20:31:13,169] 97 werkzeug -INFO  * Detected change in 'C:\\All Projects\\MLBOOTCAMP_Project\\env\\Lib\\site-packages\\numpy\\_core\\tests\\test_argparse.py', reloading
[2026-01-03 20:31:13,172] 97 werkzeug -INFO  * Detected change in 'C:\\All Projects\\MLBOOTCAMP_Project\\venv\\Lib\\site-packages\\jedi\\debug.py', reloading
[2026-01-03 20:31:13,228] 97 werkzeug -INFO  * Detected change in 'C:\\All Projects\\MLBOOTCAMP_Project\\venv\\Lib\\site-packages\\sklearn\\metrics\\tests\\test_ranking.py', reloading
[2026-01-03 20:31:13,277] 97 werkzeug -INFO  * Detected change in 'C:\\All Projects\\MLBOOTCAMP_Project\\venv\\Lib\\site-packages\\pandas\\tests\\plotting\\test_series.py', reloading
[2026-01-03 20:31:13,304] 97 werkzeug -INFO  * Detected change in 'C:\\All Projects\\MLBOOTCAMP_Project\\env\\Lib\\site-packages\\scipy\\sparse\\dia.py', reloading
[2026-01-03 20:31:13,309] 97 werkzeug -INFO  * Detected change in 'C:\\All Projects\\MLBOOTCAMP_Project\\env\\Lib\\site-packages\\pip\\_vendor\\rich\\_log_render.py', reloading
