[2026-01-03 20:26:36,554] 161 numexpr.utils -INFO NumExpr defaulting to 16 threads.
[2026-01-03 20:26:39,167] 97 werkzeug -INFO [31m[1mWARNING: This is a development server. Do not use it in a production deployment. Use a production WSGI server instead.[0m
 * Running on all addresses (0.0.0.0)
 * Running on http://127.0.0.1:5000
 * Running on http://192.168.31.178:5000
[2026-01-03 20:26:39,167] 97 werkzeug -INFO [33mPress CTRL+C to quit[0m
[2026-01-03 20:26:39,187] 97 werkzeug -INFO  * Restarting with watchdog (windowsapi)
[2026-01-03 20:26:42,847] 97 werkzeug -INFO  * Restarting with watchdog (windowsapi)
[2026-01-03 20:26:46,333] 97 werkzeug -INFO  * Restarting with watchdog (windowsapi)
[2026-01-03 20:26:50,531] 97 werkzeug -INFO  * Restarting with watchdog (windowsapi)
[2026-01-03 20:26:54,806] 97 werkzeug -INFO  * Restarting with watchdog (windowsapi)
[2026-01-03 20:26:59,213] 97 werkzeug -INFO  * Restarting with watchdog (windowsapi)
[2026-01-03 20:27:03,263] 97 werkzeug -INFO  * Restarting with watchdog (windowsapi)
[2026-01-03 20:27:07,763] 97 werkzeug -INFO  * Restarting with watchdog (windowsapi)
[2026-01-03 20:27:11,916] 97 werkzeug -INFO  * Restarting with watchdog (windowsapi)
[2026-01-03 20:27:16,011] 97 werkzeug -INFO  * Restarting with watchdog (windowsapi)
[2026-01-03 20:27:19,411] 97 werkzeug -INFO  * Restarting with watchdog (windowsapi)
[2026-01-03 20:27:23,584] 97 werkzeug -INFO  * Restarting with watchdog (windowsapi)
[2026-01-03 20:27:27,277] 97 werkzeug -INFO  * Restarting with watchdog (windowsapi)
[2026-01-03 20:27:31,212] 97 werkzeug -INFO  * Restarting with watchdog (windowsapi)
[2026-01-03 20:27:35,293] 97 werkzeug -INFO  * Restarting with watchdog (windowsapi)
[2026-01-03 20:27:39,762] 97 werkzeug -INFO  * Restarting with watchdog (windowsapi)
[2026-01-03 20:27:44,355] 97 werkzeug -INFO  * Restarting with watchdog (windowsapi)
