[2026-01-03 20:27:16,664] 161 numexpr.utils -INFO NumExpr defaulting to 16 threads.
[2026-01-03 20:27:18,129] 97 werkzeug -WARNING  * Debugger is active!
[2026-01-03 20:27:18,132] 97 werkzeug -INFO  * Debugger PIN: 935-294-776
[2026-01-03 20:27:18,179] 97 werkzeug -INFO  * Detected change in 'C:\\All Projects\\MLBOOTCAMP_Project\\venv\\Lib\\site-packages\\scipy\\signal\\fir_filter_design.py', reloading
[2026-01-03 20:27:18,209] 97 werkzeug -INFO  * Detected change in 'C:\\All Projects\\MLBOOTCAMP_Project\\env\\Lib\\site-packages\\pygments\\lexers\\cddl.py', reloading
[2026-01-03 20:27:18,230] 97 werkzeug -INFO  * Detected change in 'C:\\All Projects\\MLBOOTCAMP_Project\\env\\Lib\\site-packages\\prompt_toolkit\\token.py', reloading
[2026-01-03 20:27:18,249] 97 werkzeug -INFO  * Detected change in 'C:\\All Projects\\MLBOOTCAMP_Project\\venv\\Lib\\site-packages\\pip\\_vendor\\rich\\_extension.py', reloading
[2026-01-03 20:27:18,276] 97 werkzeug -INFO  * Detected change in 'C:\\All Projects\\MLBOOTCAMP_Project\\env\\Lib\\site-packages\\pandas\\tests\\series\\methods\\test_value_counts.py', reloading
[2026-01-03 20:27:18,303] 97 werkzeug -INFO  * Detected change in 'C:\\All Projects\\MLBOOTCAMP_Project\\env\\Lib\\site-packages\\sklearn\\cluster\\_hdbscan\\tests\\test_reachibility.py', reloading
[2026-01-03 20:27:18,357] 97 werkzeug -INFO  * Detected change in 'C:\\All Projects\\MLBOOTCAMP_Project\\env\\Lib\\site-packages\\scipy\\stats\\_crosstab.py', reloading
[2026-01-03 20:27:18,391] 97 werkzeug -INFO  * Detected change in 'C:\\All Projects\\MLBOOTCAMP_Project\\env\\Lib\\site-packages\\pandas\\tests\\reshape\\test_crosstab.py', reloading
[2026-01-03 20:27:18,405] 97 werkzeug -INFO  * Detected change in 'C:\\All Projects\\MLBOOTCAMP_Project\\.venv\\Lib\\site-packages\\pip\\_vendor\\distlib\\metadata.py', reloading
[2026-01-03 20:27:18,425] 97 werkzeug -INFO  * Detected change in 'C:\\All Projects\\MLBOOTCAMP_Project\\venv\\Lib\\site-packages\\scipy\\linalg\\tests\\test_lapack.py', reloading
[2026-01-03 20:27:18,438] 97 werkzeug -INFO  * Detected change in 'C:\\All Projects\\MLBOOTCAMP_Project\\venv\\Lib\\site-packages\\scipy\\sparse\\csgraph\\tests\\test_connected_components.py', reloading
[2026-01-03 20:27:18,451] 97 werkzeug -INFO  * Detected change in 'C:\\All Projects\\MLBOOTCAMP_Project\\env\\Lib\\site-packages\\debugpy\\_vendored\\_util.py', reloading
[2026-01-03 20:27:18,465] 97 werkzeug -INFO  * Detected change in 'C:\\All Projects\\MLBOOTCAMP_Project\\env\\Lib\\site-packages\\zmq\\__init__.py', reloading
[2026-01-03 20:27:18,480] 97 werkzeug -INFO  * Detected change in 'C:\\All Projects\\MLBOOTCAMP_Project\\.venv\\Lib\\site-packages\\pip\\_internal\\utils\\compat.py', reloading
[2026-01-03 20:27:18,495] 97 werkzeug -INFO  * Detected change in 'C:\\All Projects\\MLBOOTCAMP_Project\\env\\Lib\\site-packages\\pygments\\styles\\_mapping.py', reloading
[2026-01-03 20:27:18,497] 97 werkzeug -INFO  * Detected change in 'C:\\All Projects\\MLBOOTCAMP_Project\\env\\Lib\\site-packages\\pygments\\styles\\rrt.py', reloading
[2026-01-03 20:27:18,512] 97 werkzeug -INFO  * Detected change in 'C:\\All Projects\\MLBOOTCAMP_Project\\venv\\Lib\\site-packages\\sklearn\\ensemble\\_hist_gradient_boosting\\tests\\test_monotonic_constraints.py', reloading
[2026-01-03 20:27:18,529] 97 werkzeug -INFO  * Detected change in 'C:\\All Projects\\MLBOOTCAMP_Project\\env\\Lib\\site-packages\\pygments\\lexers\\grammar_notation.py', reloading
[2026-01-03 20:27:18,547] 97 werkzeug -INFO  * Detected change in 'C:\\All Projects\\MLBOOTCAMP_Project\\venv\\Lib\\site-packages\\pip\\_vendor\\distro\\distro.py', reloading
[2026-01-03 20:27:18,563] 97 werkzeug -INFO  * Detected change in 'C:\\All Projects\\MLBOOTCAMP_Project\\.venv\\Lib\\site-packages\\pip\\_vendor\\urllib3\\packages\\six.py', reloading
[2026-01-03 20:27:18,576] 97 werkzeug -INFO  * Detected change in 'C:\\All Projects\\MLBOOTCAMP_Project\\venv\\Lib\\site-packages\\scipy\\_lib\\cobyqa\\utils\\math.py', reloading
[2026-01-03 20:27:18,589] 97 werkzeug -INFO  * Detected change in 'C:\\All Projects\\MLBOOTCAMP_Project\\env\\Lib\\site-packages\\sklearn\\__check_build\\__init__.py', reloading
[2026-01-03 20:27:18,618] 97 werkzeug -INFO  * Detected change in 'C:\\All Projects\\MLBOOTCAMP_Project\\venv\\Lib\\site-packages\\scipy\\special\\tests\\test_ellip_harm.py', reloading
[2026-01-03 20:27:18,644] 97 werkzeug -INFO  * Detected change in 'C:\\All Projects\\MLBOOTCAMP_Project\\env\\Lib\\site-packages\\scipy\\stats\\tests\\test_contingency.py', reloading
[2026-01-03 20:27:18,677] 97 werkzeug -INFO  * Detected change in 'C:\\All Projects\\MLBOOTCAMP_Project\\env\\Lib\\site-packages\\pygments\\lexers\\factor.py', reloading
[2026-01-03 20:27:18,700] 97 werkzeug -INFO  * Detected change in 'C:\\All Projects\\MLBOOTCAMP_Project\\venv\\Lib\\site-packages\\scipy\\sparse\\csr.py', reloading
[2026-01-03 20:27:18,703] 97 werkzeug -INFO  * Detected change in 'C:\\All Projects\\MLBOOTCAMP_Project\\venv\\Lib\\site-packages\\pandas\\tests\\indexes\\interval\\test_join.py', reloading
[2026-01-03 20:27:18,728] 97 werkzeug -INFO  * Detected change in 'C:\\All Projects\\MLBOOTCAMP_Project\\env\\Lib\\site-packages\\sklearn\\datasets\\tests\\test_olivetti_faces.py', reloading
[2026-01-03 20:27:18,762] 97 werkzeug -INFO  * Detected change in 'C:\\All Projects\\MLBOOTCAMP_Project\\venv\\Lib\\site-packages\\scipy\\_lib\\tests\\test_public_api.py', reloading
[2026-01-03 20:27:18,794] 97 werkzeug -INFO  * Detected change in 'C:\\All Projects\\MLBOOTCAMP_Project\\venv\\Lib\\site-packages\\pythonwin\\pywin\\framework\\sgrepmdi.py', reloading
[2026-01-03 20:27:18,854] 97 werkzeug -INFO  * Detected change in 'C:\\All Projects\\MLBOOTCAMP_Project\\env\\Lib\\site-packages\\tornado\\test\\escape_test.py', reloading
[2026-01-03 20:27:18,891] 97 werkzeug -INFO  * Detected change in 'C:\\All Projects\\MLBOOTCAMP_Project\\env\\Lib\\site-packages\\pandas\\tests\\frame\\methods\\test_quantile.py', reloading
[2026-01-03 20:27:18,952] 97 werkzeug -INFO  * Detected change in 'C:\\All Projects\\MLBOOTCAMP_Project\\venv\\Lib\\site-packages\\scipy\\stats\\_mstats_basic.py', reloading
[2026-01-03 20:27:18,985] 97 werkzeug -INFO  * Detected change in 'C:\\All Projects\\MLBOOTCAMP_Project\\env\\Lib\\site-packages\\sklearn\\ensemble\\tests\\test_gradient_boosting.py', reloading
[2026-01-03 20:27:19,012] 97 werkzeug -INFO  * Detected change in 'C:\\All Projects\\MLBOOTCAMP_Project\\venv\\Lib\\site-packages\\pip\\_vendor\\pygments\\formatters\\__init__.py', reloading
[2026-01-03 20:27:19,027] 97 werkzeug -INFO  * Detected change in 'C:\\All Projects\\MLBOOTCAMP_Project\\venv\\Lib\\site-packages\\sklearn\\utils\\tests\\test_seq_dataset.py', reloading
[2026-01-03 20:27:19,040] 97 werkzeug -INFO  * Detected change in 'C:\\All Projects\\MLBOOTCAMP_Project\\env\\Lib\\site-packages\\sklearn\\utils\\random.py', reloading
[2026-01-03 20:27:19,051] 97 werkzeug -INFO  * Detected change in 'C:\\All Projects\\MLBOOTCAMP_Project\\env\\Lib\\site-packages\\pythonwin\\pywin\\mfc\\window.py', reloading
[2026-01-03 20:27:19,053] 97 werkzeug -INFO  * Detected change in 'C:\\All Projects\\MLBOOTCAMP_Project\\env\\Lib\\site-packages\\pandas\\tests\\reshape\\concat\\test_series.py', reloading
[2026-01-03 20:27:19,055] 97 werkzeug -INFO  * Detected change in 'C:\\All Projects\\MLBOOTCAMP_Project\\venv\\Lib\\site-packages\\werkzeug\\datastructures\\file_storage.py', reloading
[2026-01-03 20:27:19,074] 97 werkzeug -INFO  * Detected change in 'C:\\All Projects\\MLBOOTCAMP_Project\\env\\Lib\\site-packages\\pandas\\tests\\plotting\\frame\\test_frame.py', reloading
[2026-01-03 20:27:19,087] 97 werkzeug -INFO  * Detected change in 'C:\\All Projects\\MLBOOTCAMP_Project\\env\\Lib\\site-packages\\jedi\\inference\\gradual\\utils.py', reloading
[2026-01-03 20:27:19,099] 97 werkzeug -INFO  * Detected change in 'C:\\All Projects\\MLBOOTCAMP_Project\\venv\\Lib\\site-packages\\pandas\\tests\\frame\\methods\\test_to_dict_of_blocks.py', reloading
[2026-01-03 20:27:19,118] 97 werkzeug -INFO  * Detected change in 'C:\\All Projects\\MLBOOTCAMP_Project\\env\\Lib\\site-packages\\win32\\Demos\\pipes\\cat.py', reloading
[2026-01-03 20:27:19,135] 97 werkzeug -INFO  * Detected change in 'C:\\All Projects\\MLBOOTCAMP_Project\\venv\\Lib\\site-packages\\pygments\\lexers\\pony.py', reloading
[2026-01-03 20:27:19,149] 97 werkzeug -INFO  * Detected change in 'C:\\All Projects\\MLBOOTCAMP_Project\\env\\Lib\\site-packages\\pandas\\tests\\indexes\\interval\\test_setops.py', reloading
