[2026-01-03 20:29:31,353] 161 numexpr.utils -INFO NumExpr defaulting to 16 threads.
[2026-01-03 20:29:32,600] 97 werkzeug -WARNING  * Debugger is active!
[2026-01-03 20:29:32,604] 97 werkzeug -INFO  * Debugger PIN: 935-294-776
[2026-01-03 20:29:32,668] 97 werkzeug -INFO  * Detected change in 'C:\\All Projects\\MLBOOTCAMP_Project\\env\\Lib\\site-packages\\traitlets\\config\\__init__.py', reloading
[2026-01-03 20:29:32,739] 97 werkzeug -INFO  * Detected change in 'C:\\All Projects\\MLBOOTCAMP_Project\\venv\\Lib\\site-packages\\debugpy\\_vendored\\pydevd\\_pydevd_frame_eval\\vendored\\bytecode\\tests\\test_bytecode.py', reloading
[2026-01-03 20:29:32,746] 97 werkzeug -INFO  * Detected change in 'C:\\All Projects\\MLBOOTCAMP_Project\\env\\Lib\\site-packages\\pandas\\tests\\internals\\test_managers.py', reloading
[2026-01-03 20:29:32,788] 97 werkzeug -INFO  * Detected change in 'C:\\All Projects\\MLBOOTCAMP_Project\\env\\Lib\\site-packages\\scipy\\integrate\\tests\\test_integrate.py', reloading
[2026-01-03 20:29:32,822] 97 werkzeug -INFO  * Detected change in 'C:\\All Projects\\MLBOOTCAMP_Project\\venv\\Lib\\site-packages\\pandas\\tests\\io\\parser\\common\\test_ints.py', reloading
[2026-01-03 20:29:32,864] 97 werkzeug -INFO  * Detected change in 'C:\\All Projects\\MLBOOTCAMP_Project\\env\\Lib\\site-packages\\werkzeug\\serving.py', reloading
[2026-01-03 20:29:32,899] 97 werkzeug -INFO  * Detected change in 'C:\\All Projects\\MLBOOTCAMP_Project\\venv\\Lib\\site-packages\\pandas\\core\\arrays\\timedeltas.py', reloading
[2026-01-03 20:29:32,935] 97 werkzeug -INFO  * Detected change in 'C:\\All Projects\\MLBOOTCAMP_Project\\venv\\Lib\\site-packages\\zmq\\utils\\win32.py', reloading
[2026-01-03 20:29:32,962] 97 werkzeug -INFO  * Detected change in 'C:\\All Projects\\MLBOOTCAMP_Project\\venv\\Lib\\site-packages\\pip\\_vendor\\packaging\\_structures.py', reloading
[2026-01-03 20:29:33,002] 97 werkzeug -INFO  * Detected change in 'C:\\All Projects\\MLBOOTCAMP_Project\\env\\Lib\\site-packages\\sklearn\\feature_extraction\\image.py', reloading
[2026-01-03 20:29:33,035] 97 werkzeug -INFO  * Detected change in 'C:\\All Projects\\MLBOOTCAMP_Project\\venv\\Lib\\site-packages\\pandas\\tests\\indexing\\common.py', reloading
[2026-01-03 20:29:33,039] 97 werkzeug -INFO  * Detected change in 'C:\\All Projects\\MLBOOTCAMP_Project\\env\\Lib\\site-packages\\pandas\\tests\\arrays\\period\\test_arrow_compat.py', reloading
[2026-01-03 20:29:33,041] 97 werkzeug -INFO  * Detected change in 'C:\\All Projects\\MLBOOTCAMP_Project\\env\\Lib\\site-packages\\pip\\_internal\\metadata\\importlib\\__init__.py', reloading
[2026-01-03 20:29:33,044] 97 werkzeug -INFO  * Detected change in 'C:\\All Projects\\MLBOOTCAMP_Project\\env\\Lib\\site-packages\\win32\\Demos\\security\\regsave_sa.py', reloading
[2026-01-03 20:29:33,070] 97 werkzeug -INFO  * Detected change in 'C:\\All Projects\\MLBOOTCAMP_Project\\env\\Lib\\site-packages\\pip\\_internal\\utils\\temp_dir.py', reloading
[2026-01-03 20:29:33,137] 97 werkzeug -INFO  * Detected change in 'C:\\All Projects\\MLBOOTCAMP_Project\\env\\Lib\\site-packages\\pygments\\lexers\\lisp.py', reloading
[2026-01-03 20:29:33,175] 97 werkzeug -INFO  * Detected change in 'C:\\All Projects\\MLBOOTCAMP_Project\\venv\\Lib\\site-packages\\pandas\\tests\\series\\test_api.py', reloading
[2026-01-03 20:29:33,207] 97 werkzeug -INFO  * Detected change in 'C:\\All Projects\\MLBOOTCAMP_Project\\venv\\Lib\\site-packages\\zmq\\backend\\cffi\\error.py', reloading
[2026-01-03 20:29:33,249] 97 werkzeug -INFO  * Detected change in 'C:\\All Projects\\MLBOOTCAMP_Project\\env\\Lib\\site-packages\\pythonwin\\pywin\\scintilla\\IDLEenvironment.py', reloading
[2026-01-03 20:29:33,252] 97 werkzeug -INFO  * Detected change in 'C:\\All Projects\\MLBOOTCAMP_Project\\venv\\Lib\\site-packages\\win32\\Demos\\win32gui_devicenotify.py', reloading
[2026-01-03 20:29:33,290] 97 werkzeug -INFO  * Detected change in 'C:\\All Projects\\MLBOOTCAMP_Project\\venv\\Lib\\site-packages\\adodbapi\\ado_consts.py', reloading
[2026-01-03 20:29:33,317] 97 werkzeug -INFO  * Detected change in 'C:\\All Projects\\MLBOOTCAMP_Project\\venv\\Lib\\site-packages\\adodbapi\\test\\setuptestframework.py', reloading
[2026-01-03 20:29:33,362] 97 werkzeug -INFO  * Detected change in 'C:\\All Projects\\MLBOOTCAMP_Project\\venv\\Lib\\site-packages\\scipy\\optimize\\_constraints.py', reloading
[2026-01-03 20:29:33,365] 97 werkzeug -INFO  * Detected change in 'C:\\All Projects\\MLBOOTCAMP_Project\\env\\Lib\\site-packages\\pandas\\tests\\util\\test_rewrite_warning.py', reloading
[2026-01-03 20:29:33,414] 97 werkzeug -INFO  * Detected change in 'C:\\All Projects\\MLBOOTCAMP_Project\\env\\Lib\\site-packages\\pandas\\tests\\indexes\\test_base.py', reloading
[2026-01-03 20:29:33,449] 97 werkzeug -INFO  * Detected change in 'C:\\All Projects\\MLBOOTCAMP_Project\\env\\Lib\\site-packages\\numpy\\lib\\tests\\test_index_tricks.py', reloading
[2026-01-03 20:29:33,485] 97 werkzeug -INFO  * Detected change in 'C:\\All Projects\\MLBOOTCAMP_Project\\venv\\Lib\\site-packages\\sklearn\\metrics\\cluster\\tests\\test_common.py', reloading
[2026-01-03 20:29:33,487] 97 werkzeug -INFO  * Detected change in 'C:\\All Projects\\MLBOOTCAMP_Project\\venv\\Lib\\site-packages\\sklearn\\externals\\array_api_extra\\_lib\\__init__.py', reloading
[2026-01-03 20:29:33,522] 97 werkzeug -INFO  * Detected change in 'C:\\All Projects\\MLBOOTCAMP_Project\\env\\Lib\\site-packages\\pip\\_vendor\\rich\\_wrap.py', reloading
[2026-01-03 20:29:33,524] 97 werkzeug -INFO  * Detected change in 'C:\\All Projects\\MLBOOTCAMP_Project\\env\\Lib\\site-packages\\pip\\_vendor\\tomli\\_types.py', reloading
[2026-01-03 20:29:33,528] 97 werkzeug -INFO  * Detected change in 'C:\\All Projects\\MLBOOTCAMP_Project\\env\\Lib\\site-packages\\scipy\\special\\tests\\test_sph_harm.py', reloading
[2026-01-03 20:29:33,533] 97 werkzeug -INFO  * Detected change in 'C:\\All Projects\\MLBOOTCAMP_Project\\venv\\Lib\\site-packages\\scipy\\special\\tests\\test_precompute_utils.py', reloading
[2026-01-03 20:29:33,572] 97 werkzeug -INFO  * Detected change in 'C:\\All Projects\\MLBOOTCAMP_Project\\env\\Lib\\site-packages\\jupyter_client\\kernelspecapp.py', reloading
[2026-01-03 20:29:33,622] 97 werkzeug -INFO  * Detected change in 'C:\\All Projects\\MLBOOTCAMP_Project\\env\\Lib\\site-packages\\scipy\\optimize\\_milp.py', reloading
