[2026-01-03 20:27:04,323] 161 numexpr.utils -INFO NumExpr defaulting to 16 threads.
[2026-01-03 20:27:06,473] 97 werkzeug -WARNING  * Debugger is active!
[2026-01-03 20:27:06,479] 97 werkzeug -INFO  * Debugger PIN: 935-294-776
[2026-01-03 20:27:06,530] 97 werkzeug -INFO  * Detected change in 'C:\\All Projects\\MLBOOTCAMP_Project\\venv\\Lib\\site-packages\\sklearn\\linear_model\\tests\\test_quantile.py', reloading
[2026-01-03 20:27:06,557] 97 werkzeug -INFO  * Detected change in 'C:\\All Projects\\MLBOOTCAMP_Project\\.venv\\Lib\\site-packages\\pip\\_internal\\cli\\spinners.py', reloading
[2026-01-03 20:27:06,606] 97 werkzeug -INFO  * Detected change in 'C:\\All Projects\\MLBOOTCAMP_Project\\venv\\Lib\\site-packages\\scipy\\special\\_support_alternative_backends.py', reloading
[2026-01-03 20:27:06,636] 97 werkzeug -INFO  * Detected change in 'C:\\All Projects\\MLBOOTCAMP_Project\\env\\Lib\\site-packages\\scipy\\special\\tests\\test_precompute_gammainc.py', reloading
[2026-01-03 20:27:06,675] 97 werkzeug -INFO  * Detected change in 'C:\\All Projects\\MLBOOTCAMP_Project\\env\\Lib\\site-packages\\pandas\\core\\tools\\numeric.py', reloading
[2026-01-03 20:27:06,704] 97 werkzeug -INFO  * Detected change in 'C:\\All Projects\\MLBOOTCAMP_Project\\env\\Lib\\site-packages\\pandas\\tests\\resample\\conftest.py', reloading
[2026-01-03 20:27:06,742] 97 werkzeug -INFO  * Detected change in 'C:\\All Projects\\MLBOOTCAMP_Project\\venv\\Lib\\site-packages\\pip\\_internal\\models\\target_python.py', reloading
[2026-01-03 20:27:06,795] 97 werkzeug -INFO  * Detected change in 'C:\\All Projects\\MLBOOTCAMP_Project\\venv\\Lib\\site-packages\\pandas\\tests\\io\\test_sql.py', reloading
[2026-01-03 20:27:06,833] 97 werkzeug -INFO  * Detected change in 'C:\\All Projects\\MLBOOTCAMP_Project\\venv\\Lib\\site-packages\\traitlets\\config\\application.py', reloading
[2026-01-03 20:27:06,858] 97 werkzeug -INFO  * Detected change in 'C:\\All Projects\\MLBOOTCAMP_Project\\venv\\Lib\\site-packages\\pandas\\tests\\indexes\\interval\\test_equals.py', reloading
[2026-01-03 20:27:06,890] 97 werkzeug -INFO  * Detected change in 'C:\\All Projects\\MLBOOTCAMP_Project\\venv\\Lib\\site-packages\\prompt_toolkit\\filters\\app.py', reloading
[2026-01-03 20:27:06,893] 97 werkzeug -INFO  * Detected change in 'C:\\All Projects\\MLBOOTCAMP_Project\\venv\\Lib\\site-packages\\ipykernel\\log.py', reloading
[2026-01-03 20:27:06,924] 97 werkzeug -INFO  * Detected change in 'C:\\All Projects\\MLBOOTCAMP_Project\\env\\Lib\\site-packages\\pandas\\tests\\arrays\\floating\\test_repr.py', reloading
[2026-01-03 20:27:06,949] 97 werkzeug -INFO  * Detected change in 'C:\\All Projects\\MLBOOTCAMP_Project\\env\\Lib\\site-packages\\scipy\\optimize\\_trlib\\__init__.py', reloading
[2026-01-03 20:27:06,981] 97 werkzeug -INFO  * Detected change in 'C:\\All Projects\\MLBOOTCAMP_Project\\venv\\Lib\\site-packages\\pandas\\tests\\plotting\\test_hist_method.py', reloading
[2026-01-03 20:27:07,005] 97 werkzeug -INFO  * Detected change in 'C:\\All Projects\\MLBOOTCAMP_Project\\venv\\Lib\\site-packages\\jupyter_client\\provisioning\\__init__.py', reloading
[2026-01-03 20:27:07,033] 97 werkzeug -INFO  * Detected change in 'C:\\All Projects\\MLBOOTCAMP_Project\\venv\\Lib\\site-packages\\scipy\\stats\\stats.py', reloading
[2026-01-03 20:27:07,077] 97 werkzeug -INFO  * Detected change in 'C:\\All Projects\\MLBOOTCAMP_Project\\venv\\Lib\\site-packages\\sklearn\\datasets\\_olivetti_faces.py', reloading
[2026-01-03 20:27:07,115] 97 werkzeug -INFO  * Detected change in 'C:\\All Projects\\MLBOOTCAMP_Project\\env\\Lib\\site-packages\\pip\\_vendor\\urllib3\\__init__.py', reloading
[2026-01-03 20:27:07,154] 97 werkzeug -INFO  * Detected change in 'C:\\All Projects\\MLBOOTCAMP_Project\\env\\Lib\\site-packages\\pandas\\tests\\apply\\test_invalid_arg.py', reloading
[2026-01-03 20:27:07,195] 97 werkzeug -INFO  * Detected change in 'C:\\All Projects\\MLBOOTCAMP_Project\\venv\\Lib\\site-packages\\sklearn\\_loss\\loss.py', reloading
[2026-01-03 20:27:07,226] 97 werkzeug -INFO  * Detected change in 'C:\\All Projects\\MLBOOTCAMP_Project\\venv\\Lib\\site-packages\\numpy\\typing\\tests\\data\\pass\\fromnumeric.py', reloading
[2026-01-03 20:27:07,268] 97 werkzeug -INFO  * Detected change in 'C:\\All Projects\\MLBOOTCAMP_Project\\env\\Lib\\site-packages\\scipy\\stats\\tests\\test_marray.py', reloading
[2026-01-03 20:27:07,297] 97 werkzeug -INFO  * Detected change in 'C:\\All Projects\\MLBOOTCAMP_Project\\env\\Lib\\site-packages\\pandas\\tests\\groupby\\__init__.py', reloading
[2026-01-03 20:27:07,330] 97 werkzeug -INFO  * Detected change in 'C:\\All Projects\\MLBOOTCAMP_Project\\env\\Lib\\site-packages\\pip\\_vendor\\urllib3\\util\\__init__.py', reloading
[2026-01-03 20:27:07,363] 97 werkzeug -INFO  * Detected change in 'C:\\All Projects\\MLBOOTCAMP_Project\\venv\\Lib\\site-packages\\pandas\\tests\\io\\parser\\test_na_values.py', reloading
[2026-01-03 20:27:07,402] 97 werkzeug -INFO  * Detected change in 'C:\\All Projects\\MLBOOTCAMP_Project\\venv\\Lib\\site-packages\\pip\\_vendor\\pygments\\util.py', reloading
[2026-01-03 20:27:07,439] 97 werkzeug -INFO  * Detected change in 'C:\\All Projects\\MLBOOTCAMP_Project\\venv\\Lib\\site-packages\\pandas\\tests\\indexes\\datetimes\\test_indexing.py', reloading
[2026-01-03 20:27:07,443] 97 werkzeug -INFO  * Detected change in 'C:\\All Projects\\MLBOOTCAMP_Project\\env\\Lib\\site-packages\\pandas\\tests\\arrays\\sparse\\test_astype.py', reloading
[2026-01-03 20:27:07,478] 97 werkzeug -INFO  * Detected change in 'C:\\All Projects\\MLBOOTCAMP_Project\\env\\Lib\\site-packages\\sklearn\\utils\\_unique.py', reloading
[2026-01-03 20:27:07,507] 97 werkzeug -INFO  * Detected change in 'C:\\All Projects\\MLBOOTCAMP_Project\\env\\Lib\\site-packages\\win32\\Demos\\EvtSubscribe_pull.py', reloading
