[2026-01-03 20:28:28,328] 161 numexpr.utils -INFO NumExpr defaulting to 16 threads.
[2026-01-03 20:28:30,017] 97 werkzeug -INFO [31m[1mWARNING: This is a development server. Do not use it in a production deployment. Use a production WSGI server instead.[0m
 * Running on all addresses (0.0.0.0)
 * Running on http://127.0.0.1:5000
 * Running on http://192.168.31.178:5000
[2026-01-03 20:28:30,018] 97 werkzeug -INFO [33mPress CTRL+C to quit[0m
[2026-01-03 20:28:30,028] 97 werkzeug -INFO  * Restarting with watchdog (windowsapi)
[2026-01-03 20:28:34,324] 97 werkzeug -INFO  * Restarting with watchdog (windowsapi)
[2026-01-03 20:28:38,870] 97 werkzeug -INFO  * Restarting with watchdog (windowsapi)
[2026-01-03 20:28:43,553] 97 werkzeug -INFO  * Restarting with watchdog (windowsapi)
[2026-01-03 20:28:48,271] 97 werkzeug -INFO  * Restarting with watchdog (windowsapi)
[2026-01-03 20:28:52,166] 97 werkzeug -INFO  * Restarting with watchdog (windowsapi)
[2026-01-03 20:28:55,048] 97 werkzeug -INFO  * Restarting with watchdog (windowsapi)
[2026-01-03 20:28:58,811] 97 werkzeug -INFO  * Restarting with watchdog (windowsapi)
[2026-01-03 20:29:02,587] 97 werkzeug -INFO  * Restarting with watchdog (windowsapi)
[2026-01-03 20:29:06,140] 97 werkzeug -INFO  * Restarting with watchdog (windowsapi)
[2026-01-03 20:29:10,038] 97 werkzeug -INFO  * Restarting with watchdog (windowsapi)
[2026-01-03 20:29:13,878] 97 werkzeug -INFO  * Restarting with watchdog (windowsapi)
[2026-01-03 20:29:17,705] 97 werkzeug -INFO  * Restarting with watchdog (windowsapi)
[2026-01-03 20:29:22,173] 97 werkzeug -INFO  * Restarting with watchdog (windowsapi)
[2026-01-03 20:29:26,043] 97 werkzeug -INFO  * Restarting with watchdog (windowsapi)
[2026-01-03 20:29:30,414] 97 werkzeug -INFO  * Restarting with watchdog (windowsapi)
[2026-01-03 20:29:33,930] 97 werkzeug -INFO  * Restarting with watchdog (windowsapi)
[2026-01-03 20:29:38,373] 97 werkzeug -INFO  * Restarting with watchdog (windowsapi)
[2026-01-03 20:29:42,800] 97 werkzeug -INFO  * Restarting with watchdog (windowsapi)
[2026-01-03 20:29:47,425] 97 werkzeug -INFO  * Restarting with watchdog (windowsapi)
[2026-01-03 20:29:51,872] 97 werkzeug -INFO  * Restarting with watchdog (windowsapi)
[2026-01-03 20:29:55,948] 97 werkzeug -INFO  * Restarting with watchdog (windowsapi)
[2026-01-03 20:30:00,125] 97 werkzeug -INFO  * Restarting with watchdog (windowsapi)
[2026-01-03 20:30:04,468] 97 werkzeug -INFO  * Restarting with watchdog (windowsapi)
[2026-01-03 20:30:09,052] 97 werkzeug -INFO  * Restarting with watchdog (windowsapi)
[2026-01-03 20:30:12,917] 97 werkzeug -INFO  * Restarting with watchdog (windowsapi)
[2026-01-03 20:30:17,238] 97 werkzeug -INFO  * Restarting with watchdog (windowsapi)
[2026-01-03 20:30:21,417] 97 werkzeug -INFO  * Restarting with watchdog (windowsapi)
[2026-01-03 20:30:34,524] 97 werkzeug -INFO  * Restarting with watchdog (windowsapi)
[2026-01-03 20:30:38,117] 97 werkzeug -INFO  * Restarting with watchdog (windowsapi)
[2026-01-03 20:30:42,741] 97 werkzeug -INFO  * Restarting with watchdog (windowsapi)
[2026-01-03 20:30:47,323] 97 werkzeug -INFO  * Restarting with watchdog (windowsapi)
[2026-01-03 20:30:52,388] 97 werkzeug -INFO  * Restarting with watchdog (windowsapi)
[2026-01-03 20:30:56,517] 97 werkzeug -INFO  * Restarting with watchdog (windowsapi)
[2026-01-03 20:31:00,769] 97 werkzeug -INFO  * Restarting with watchdog (windowsapi)
[2026-01-03 20:31:05,119] 97 werkzeug -INFO  * Restarting with watchdog (windowsapi)
[2026-01-03 20:31:09,286] 97 werkzeug -INFO  * Restarting with watchdog (windowsapi)
[2026-01-03 20:31:13,699] 97 werkzeug -INFO  * Restarting with watchdog (windowsapi)
[2026-01-03 20:31:18,217] 97 werkzeug -INFO  * Restarting with watchdog (windowsapi)
[2026-01-03 20:31:22,876] 97 werkzeug -INFO  * Restarting with watchdog (windowsapi)
[2026-01-03 20:31:27,518] 97 werkzeug -INFO  * Restarting with watchdog (windowsapi)
[2026-01-03 20:34:16,168] 97 werkzeug -INFO  * Restarting with watchdog (windowsapi)
[2026-01-03 20:34:19,708] 97 werkzeug -INFO  * Restarting with watchdog (windowsapi)
[2026-01-03 20:34:22,952] 97 werkzeug -INFO  * Restarting with watchdog (windowsapi)
[2026-01-03 20:34:30,178] 97 werkzeug -INFO  * Restarting with watchdog (windowsapi)
[2026-01-03 20:34:55,572] 97 werkzeug -INFO  * Restarting with watchdog (windowsapi)
