[2026-01-03 20:30:01,084] 161 numexpr.utils -INFO NumExpr defaulting to 16 threads.
[2026-01-03 20:30:03,115] 97 werkzeug -WARNING  * Debugger is active!
[2026-01-03 20:30:03,120] 97 werkzeug -INFO  * Debugger PIN: 935-294-776
[2026-01-03 20:30:03,163] 97 werkzeug -INFO  * Detected change in 'C:\\All Projects\\MLBOOTCAMP_Project\\env\\Lib\\site-packages\\win32comext\\ifilter\\__init__.py', reloading
[2026-01-03 20:30:03,197] 97 werkzeug -INFO  * Detected change in 'C:\\All Projects\\MLBOOTCAMP_Project\\venv\\Lib\\site-packages\\pygments\\lexers\\dax.py', reloading
[2026-01-03 20:30:03,198] 97 werkzeug -INFO  * Detected change in 'C:\\All Projects\\MLBOOTCAMP_Project\\venv\\Lib\\site-packages\\ipykernel\\__main__.py', reloading
[2026-01-03 20:30:03,199] 97 werkzeug -INFO  * Detected change in 'C:\\All Projects\\MLBOOTCAMP_Project\\env\\Lib\\site-packages\\sklearn\\metrics\\_plot\\__init__.py', reloading
[2026-01-03 20:30:03,234] 97 werkzeug -INFO  * Detected change in 'C:\\All Projects\\MLBOOTCAMP_Project\\venv\\Lib\\site-packages\\pandas\\tests\\series\\test_arithmetic.py', reloading
[2026-01-03 20:30:03,236] 97 werkzeug -INFO  * Detected change in 'C:\\All Projects\\MLBOOTCAMP_Project\\venv\\Lib\\site-packages\\pandas\\tests\\io\\formats\\style\\test_tooltip.py', reloading
[2026-01-03 20:30:03,266] 97 werkzeug -INFO  * Detected change in 'C:\\All Projects\\MLBOOTCAMP_Project\\venv\\Lib\\site-packages\\debugpy\\_vendored\\pydevd\\_pydevd_bundle\\_debug_adapter\\pydevd_base_schema.py', reloading
[2026-01-03 20:30:03,268] 97 werkzeug -INFO  * Detected change in 'C:\\All Projects\\MLBOOTCAMP_Project\\venv\\Lib\\site-packages\\scipy\\special\\tests\\test_cephes_intp_cast.py', reloading
[2026-01-03 20:30:03,276] 97 werkzeug -INFO  * Detected change in 'C:\\All Projects\\MLBOOTCAMP_Project\\env\\Lib\\site-packages\\scipy\\interpolate\\fitpack.py', reloading
[2026-01-03 20:30:03,290] 97 werkzeug -INFO  * Detected change in 'C:\\All Projects\\MLBOOTCAMP_Project\\venv\\Lib\\site-packages\\pythonwin\\pywin\\framework\\editor\\color\\coloreditor.py', reloading
[2026-01-03 20:30:03,291] 97 werkzeug -INFO  * Detected change in 'C:\\All Projects\\MLBOOTCAMP_Project\\env\\Lib\\site-packages\\pip\\_vendor\\cachecontrol\\caches\\__init__.py', reloading
[2026-01-03 20:30:03,292] 97 werkzeug -INFO  * Detected change in 'C:\\All Projects\\MLBOOTCAMP_Project\\venv\\Lib\\site-packages\\tornado\\__init__.py', reloading
[2026-01-03 20:30:03,310] 97 werkzeug -INFO  * Detected change in 'C:\\All Projects\\MLBOOTCAMP_Project\\env\\Lib\\site-packages\\sklearn\\cluster\\_mean_shift.py', reloading
[2026-01-03 20:30:03,325] 97 werkzeug -INFO  * Detected change in 'C:\\All Projects\\MLBOOTCAMP_Project\\env\\Lib\\site-packages\\pygments\\lexers\\dylan.py', reloading
[2026-01-03 20:30:03,337] 97 werkzeug -INFO  * Detected change in 'C:\\All Projects\\MLBOOTCAMP_Project\\venv\\Lib\\site-packages\\pandas\\tests\\indexes\\multi\\test_formats.py', reloading
[2026-01-03 20:30:03,348] 97 werkzeug -INFO  * Detected change in 'C:\\All Projects\\MLBOOTCAMP_Project\\env\\Lib\\site-packages\\pythonwin\\pywin\\framework\\cmdline.py', reloading
[2026-01-03 20:30:03,364] 97 werkzeug -INFO  * Detected change in 'C:\\All Projects\\MLBOOTCAMP_Project\\env\\Lib\\site-packages\\scipy\\_lib\\array_api_compat\\torch\\_aliases.py', reloading
[2026-01-03 20:30:03,366] 97 werkzeug -INFO  * Detected change in 'C:\\All Projects\\MLBOOTCAMP_Project\\venv\\Lib\\site-packages\\adodbapi\\test\\is64bit.py', reloading
[2026-01-03 20:30:03,386] 97 werkzeug -INFO  * Detected change in 'C:\\All Projects\\MLBOOTCAMP_Project\\env\\Lib\\site-packages\\pip\\_internal\\operations\\install\\wheel.py', reloading
[2026-01-03 20:30:03,397] 97 werkzeug -INFO  * Detected change in 'C:\\All Projects\\MLBOOTCAMP_Project\\venv\\Lib\\site-packages\\pandas\\tests\\libs\\test_join.py', reloading
[2026-01-03 20:30:03,399] 97 werkzeug -INFO  * Detected change in 'C:\\All Projects\\MLBOOTCAMP_Project\\venv\\Lib\\site-packages\\psutil\\tests\\test_sudo.py', reloading
[2026-01-03 20:30:03,400] 97 werkzeug -INFO  * Detected change in 'C:\\All Projects\\MLBOOTCAMP_Project\\venv\\Lib\\site-packages\\werkzeug\\datastructures\\range.py', reloading
[2026-01-03 20:30:03,402] 97 werkzeug -INFO  * Detected change in 'C:\\All Projects\\MLBOOTCAMP_Project\\env\\Lib\\site-packages\\pip\\_vendor\\pygments\\plugin.py', reloading
[2026-01-03 20:30:03,404] 97 werkzeug -INFO  * Detected change in 'C:\\All Projects\\MLBOOTCAMP_Project\\env\\Lib\\site-packages\\tornado\\_locale_data.py', reloading
[2026-01-03 20:30:03,405] 97 werkzeug -INFO  * Detected change in 'C:\\All Projects\\MLBOOTCAMP_Project\\env\\Lib\\site-packages\\pytz\\reference.py', reloading
[2026-01-03 20:30:03,416] 97 werkzeug -INFO  * Detected change in 'C:\\All Projects\\MLBOOTCAMP_Project\\env\\Lib\\site-packages\\pandas\\tests\\io\\formats\\style\\test_highlight.py', reloading
[2026-01-03 20:30:03,418] 97 werkzeug -INFO  * Detected change in 'C:\\All Projects\\MLBOOTCAMP_Project\\env\\Lib\\site-packages\\numpy\\polynomial\\tests\\test_polyutils.py', reloading
[2026-01-03 20:30:03,437] 97 werkzeug -INFO  * Detected change in 'C:\\All Projects\\MLBOOTCAMP_Project\\env\\Lib\\site-packages\\scipy\\linalg\\lapack.py', reloading
[2026-01-03 20:30:03,446] 97 werkzeug -INFO  * Detected change in 'C:\\All Projects\\MLBOOTCAMP_Project\\venv\\Lib\\site-packages\\pandas\\tests\\series\\methods\\test_isna.py', reloading
[2026-01-03 20:30:03,459] 97 werkzeug -INFO  * Detected change in 'C:\\All Projects\\MLBOOTCAMP_Project\\venv\\Lib\\site-packages\\jupyter_client\\kernelapp.py', reloading
[2026-01-03 20:30:03,504] 97 werkzeug -INFO  * Detected change in 'C:\\All Projects\\MLBOOTCAMP_Project\\venv\\Lib\\site-packages\\numpy\\_core\\tests\\test_regression.py', reloading
[2026-01-03 20:30:03,508] 97 werkzeug -INFO  * Detected change in 'C:\\All Projects\\MLBOOTCAMP_Project\\env\\Lib\\site-packages\\debugpy\\_vendored\\pydevd\\_pydevd_bundle\\pydevd_dont_trace_files.py', reloading
[2026-01-03 20:30:03,538] 97 werkzeug -INFO  * Detected change in 'C:\\All Projects\\MLBOOTCAMP_Project\\venv\\Lib\\site-packages\\pandas\\io\\sas\\__init__.py', reloading
[2026-01-03 20:30:03,540] 97 werkzeug -INFO  * Detected change in 'C:\\All Projects\\MLBOOTCAMP_Project\\env\\Lib\\site-packages\\sklearn\\externals\\array_api_extra\\_lib\\_backends.py', reloading
[2026-01-03 20:30:03,543] 97 werkzeug -INFO  * Detected change in 'C:\\All Projects\\MLBOOTCAMP_Project\\env\\Lib\\site-packages\\pygments\\styles\\abap.py', reloading
[2026-01-03 20:30:03,575] 97 werkzeug -INFO  * Detected change in 'C:\\All Projects\\MLBOOTCAMP_Project\\venv\\Lib\\site-packages\\pip\\_vendor\\urllib3\\packages\\backports\\weakref_finalize.py', reloading
[2026-01-03 20:30:03,635] 97 werkzeug -INFO  * Detected change in 'C:\\All Projects\\MLBOOTCAMP_Project\\env\\Lib\\site-packages\\win32\\lib\\win32pdhutil.py', reloading
[2026-01-03 20:30:03,677] 97 werkzeug -INFO  * Detected change in 'C:\\All Projects\\MLBOOTCAMP_Project\\env\\Lib\\site-packages\\debugpy\\_vendored\\pydevd\\_pydev_bundle\\_pydev_saved_modules.py', reloading
[2026-01-03 20:30:03,761] 97 werkzeug -INFO  * Detected change in 'C:\\All Projects\\MLBOOTCAMP_Project\\env\\Lib\\site-packages\\numpy\\polynomial\\tests\\test_hermite.py', reloading
[2026-01-03 20:30:03,765] 97 werkzeug -INFO  * Detected change in 'C:\\All Projects\\MLBOOTCAMP_Project\\env\\Lib\\site-packages\\joblib\\externals\\loky\\backend\\_posix_reduction.py', reloading
[2026-01-03 20:30:03,790] 97 werkzeug -INFO  * Detected change in 'C:\\All Projects\\MLBOOTCAMP_Project\\venv\\Lib\\site-packages\\IPython\\core\\magics\\basic.py', reloading
[2026-01-03 20:30:03,794] 97 werkzeug -INFO  * Detected change in 'C:\\All Projects\\MLBOOTCAMP_Project\\env\\Lib\\site-packages\\jedi\\api\\interpreter.py', reloading
[2026-01-03 20:30:03,831] 97 werkzeug -INFO  * Detected change in 'C:\\All Projects\\MLBOOTCAMP_Project\\venv\\Lib\\site-packages\\scipy\\optimize\\tests\\test_quadratic_assignment.py', reloading
[2026-01-03 20:30:03,870] 97 werkzeug -INFO  * Detected change in 'C:\\All Projects\\MLBOOTCAMP_Project\\env\\Lib\\site-packages\\sklearn\\kernel_approximation.py', reloading
[2026-01-03 20:30:03,909] 97 werkzeug -INFO  * Detected change in 'C:\\All Projects\\MLBOOTCAMP_Project\\env\\Lib\\site-packages\\traitlets\\config\\application.py', reloading
[2026-01-03 20:30:03,940] 97 werkzeug -INFO  * Detected change in 'C:\\All Projects\\MLBOOTCAMP_Project\\venv\\Lib\\site-packages\\pygments\\lexers\\prql.py', reloading
[2026-01-03 20:30:03,982] 97 werkzeug -INFO  * Detected change in 'C:\\All Projects\\MLBOOTCAMP_Project\\venv\\Lib\\site-packages\\scipy\\optimize\\_elementwise.py', reloading
[2026-01-03 20:30:04,026] 97 werkzeug -INFO  * Detected change in 'C:\\All Projects\\MLBOOTCAMP_Project\\.venv\\Lib\\site-packages\\pip\\_internal\\index\\package_finder.py', reloading
[2026-01-03 20:30:04,074] 97 werkzeug -INFO  * Detected change in 'C:\\All Projects\\MLBOOTCAMP_Project\\venv\\Lib\\site-packages\\sklearn\\utils\\_testing.py', reloading
[2026-01-03 20:30:04,108] 97 werkzeug -INFO  * Detected change in 'C:\\All Projects\\MLBOOTCAMP_Project\\venv\\Lib\\site-packages\\pip\\_internal\\utils\\logging.py', reloading
[2026-01-03 20:30:04,141] 97 werkzeug -INFO  * Detected change in 'C:\\All Projects\\MLBOOTCAMP_Project\\venv\\Lib\\site-packages\\scipy\\integrate\\tests\\test_integrate.py', reloading
