[2026-01-03 21:13:12,570] 22 root -INFO starting data ingestion
[2026-01-03 21:13:12,607] 27 root -INFO raw data reading is complete
[2026-01-03 21:13:12,835] 34 root -INFO train and test split is done
[2026-01-03 21:13:13,049] 39 root -INFO data ingestion is complete
[2026-01-03 21:13:13,149] 67 root -INFO Read train and test data completed
[2026-01-03 21:13:13,154] 68 root -INFO Train DataFrame Head : 
   carat  cut  color  clarity  depth  table  price     x     y     z
0   1.02    5      4        4   62.4   57.0   5346  6.47  6.36  4.00
1   1.05    2      3        6   61.3   59.0   8537  6.48  6.56  4.00
2   0.91    4      4        3   62.6   58.0   3975  6.17  6.14  3.85
3   0.32    5      1        6   60.9   57.0   1008  4.39  4.45  2.70
4   1.52    4      4        4   61.9   56.0  13282  7.39  7.28  4.54
[2026-01-03 21:13:13,158] 69 root -INFO Test DataFrame Head : 
   carat  cut  color  clarity  depth  table  price     x     y     z
0   0.71    1      7        4   64.9   54.0   1435  5.63  5.53  3.62
1   0.90    2      2        2   61.0   59.0   3584  6.14  6.18  3.76
2   0.57    5      4        5   62.1   56.0   1851  5.30  5.33  3.30
3   0.51    4      2        4   62.5   60.0   1590  5.08  5.10  3.18
4   1.19    5      6        3   62.3   55.0   5690  6.80  6.82  4.24
[2026-01-03 21:13:13,158] 71 root -INFO Obtaining preprocessing object
[2026-01-03 21:13:13,158] 26 root -INFO Data Transformation initiated
[2026-01-03 21:13:13,158] 34 root -INFO Pipeline initiated
[2026-01-03 21:13:13,158] 55 root -INFO Pipeline completed
[2026-01-03 21:13:13,205] 87 root -INFO Applying preprocessing object on training and testing datasets.
[2026-01-03 21:13:13,208] 21 root -INFO Model saved successfully
[2026-01-03 21:13:13,208] 101 root -INFO Preprocessor pickle file saved
[2026-01-03 21:13:13,209] 32 root -INFO Splitting Dependent and Independent varibales from train and test data
[2026-01-03 21:13:13,220] 68 root -INFO linearRegression --> Train R2: 0.9066443127543073, Test R2: 0.9069844912301351
[2026-01-03 21:13:13,623] 68 root -INFO Lasso --> Train R2: 0.9066335734976636, Test R2: 0.9070138781207774
[2026-01-03 21:13:13,631] 68 root -INFO Ridge --> Train R2: 0.9066442771206391, Test R2: 0.9069868915395705
[2026-01-03 21:13:13,693] 68 root -INFO ElasticNet --> Train R2: 0.835982642073812, Test R2: 0.8318121948345164
[2026-01-03 21:13:13,694] 60 root -INFO Model Report : {'linearRegression': {'Train R2': 0.9066443127543073, 'Test R2': 0.9069844912301351, 'Test MAE': 795.1110550352014, 'Test RMSE': np.float64(1195.6784988767272)}, 'Lasso': {'Train R2': 0.9066335734976636, 'Test R2': 0.9070138781207774, 'Test MAE': 796.0829436201227, 'Test RMSE': np.float64(1195.4896053821371)}, 'Ridge': {'Train R2': 0.9066442771206391, 'Test R2': 0.9069868915395705, 'Test MAE': 795.2026600231748, 'Test RMSE': np.float64(1195.663071251076)}, 'ElasticNet': {'Train R2': 0.835982642073812, 'Test R2': 0.8318121948345164, 'Test MAE': 1069.1595809754183, 'Test RMSE': np.float64(1607.8072707842207)}}
[2026-01-03 21:13:13,694] 78 root -INFO Best Model Found , Model Name : Lasso , R2 Score : 0.9070138781207774
[2026-01-03 21:13:13,696] 21 root -INFO Model saved successfully
